<?xml version="1.0" encoding="UTF-8"?>
<!-- Generated by org.testng.reporters.JUnitXMLReporter -->
<testsuite ignored="0" hostname="gotluru" failures="1" tests="1" name="Default test" time="3.682" errors="0" timestamp="2025-02-12T13:27:28 IST">
  <testcase classname="Testcase.testcasecode" name="page1" time="0.833">
    <failure type="java.lang.StackOverflowError">
      <![CDATA[java.lang.StackOverflowError
at Testcase.testcasecode.generatedstring(testcasecode.java:63)
at Testcase.testcasecode.generatedstring(testcasecode.java:63)
at Testcase.testcasecode.generatedstring(testcasecode.java:63)
at Testcase.testcasecode.generatedstring(testcasecode.java:63)
at Testcase.testcasecode.generatedstring(testcasecode.java:63)
at Testcase.testcasecode.generatedstring(testcasecode.java:63)
at Testcase.testcasecode.generatedstring(testcasecode.java:63)
at Testcase.testcasecode.generatedstring(testcasecode.java:63)
at Testcase.testcasecode.generatedstring(testcasecode.java:63)
at Testcase.testcasecode.generatedstring(testcasecode.java:63)
at Testcase.testcasecode.generatedstring(testcasecode.java:63)
at Testcase.testcasecode.generatedstring(testcasecode.java:63)
at Testcase.testcasecode.generatedstring(testcasecode.java:63)
at Testcase.testcasecode.generatedstring(testcasecode.java:63)
at Testcase.testcasecode.generatedstring(testcasecode.java:63)
at Testcase.testcasecode.generatedstring(testcasecode.java:63)
at Testcase.testcasecode.generatedstring(testcasecode.java:63)
at Testcase.testcasecode.generatedstring(testcasecode.java:63)
at Testcase.testcasecode.generatedstring(testcasecode.java:63)
at Testcase.testcasecode.generatedstring(testcasecode.java:63)
at Testcase.testcasecode.generatedstring(testcasecode.java:63)
at Testcase.testcasecode.generatedstring(testcasecode.java:63)
at Testcase.testcasecode.generatedstring(testcasecode.java:63)
at Testcase.testcasecode.generatedstring(testcasecode.java:63)
at Testcase.testcasecode.generatedstring(testcasecode.java:63)
at Testcase.testcasecode.generatedstring(testcasecode.java:63)
at Testcase.testcasecode.generatedstring(testcasecode.java:63)
at Testcase.testcasecode.generatedstring(testcasecode.java:63)
at Testcase.testcasecode.generatedstring(testcasecode.java:63)
at Testcase.testcasecode.generatedstring(testcasecode.java:63)
at Testcase.testcasecode.generatedstring(testcasecode.java:63)
at Testcase.testcasecode.generatedstring(testcasecode.java:63)
at Testcase.testcasecode.generatedstring(testcasecode.java:63)
at Testcase.testcasecode.generatedstring(testcasecode.java:63)
at Testcase.testcasecode.generatedstring(testcasecode.java:63)
at Testcase.testcasecode.generatedstring(testcasecode.java:63)
at Testcase.testcasecode.generatedstring(testcasecode.java:63)
at Testcase.testcasecode.generatedstring(testcasecode.java:63)
at Testcase.testcasecode.generatedstring(testcasecode.java:63)
at Testcase.testcasecode.generatedstring(testcasecode.java:63)
at Testcase.testcasecode.generatedstring(testcasecode.java:63)
at Testcase.testcasecode.generatedstring(testcasecode.java:63)
at Testcase.testcasecode.generatedstring(testcasecode.java:63)
at Testcase.testcasecode.generatedstring(testcasecode.java:63)
at Testcase.testcasecode.generatedstring(testcasecode.java:63)
at Testcase.testcasecode.generatedstring(testcasecode.java:63)
at Testcase.testcasecode.generatedstring(testcasecode.java:63)
at Testcase.testcasecode.generatedstring(testcasecode.java:63)
at Testcase.testcasecode.generatedstring(testcasecode.java:63)
at Testcase.testcasecode.generatedstring(testcasecode.java:63)
at Testcase.testcasecode.generatedstring(testcasecode.java:63)
at Testcase.testcasecode.generatedstring(testcasecode.java:63)
at Testcase.testcasecode.generatedstring(testcasecode.java:63)
at Testcase.testcasecode.generatedstring(testcasecode.java:63)
at Testcase.testcasecode.generatedstring(testcasecode.java:63)
at Testcase.testcasecode.generatedstring(testcasecode.java:63)
at Testcase.testcasecode.generatedstring(testcasecode.java:63)
at Testcase.testcasecode.generatedstring(testcasecode.java:63)
at Testcase.testcasecode.generatedstring(testcasecode.java:63)
at Testcase.testcasecode.generatedstring(testcasecode.java:63)
at Testcase.testcasecode.generatedstring(testcasecode.java:63)
at Testcase.testcasecode.generatedstring(testcasecode.java:63)
at Testcase.testcasecode.generatedstring(testcasecode.java:63)
at Testcase.testcasecode.generatedstring(testcasecode.java:63)
at Testcase.testcasecode.generatedstring(testcasecode.java:63)
at Testcase.testcasecode.generatedstring(testcasecode.java:63)
at Testcase.testcasecode.generatedstring(testcasecode.java:63)
at Testcase.testcasecode.generatedstring(testcasecode.java:63)
at Testcase.testcasecode.generatedstring(testcasecode.java:63)
at Testcase.testcasecode.generatedstring(testcasecode.java:63)
at Testcase.testcasecode.generatedstring(testcasecode.java:63)
at Testcase.testcasecode.generatedstring(testcasecode.java:63)
at Testcase.testcasecode.generatedstring(testcasecode.java:63)
at Testcase.testcasecode.generatedstring(testcasecode.java:63)
at Testcase.testcasecode.generatedstring(testcasecode.java:63)
at Testcase.testcasecode.generatedstring(testcasecode.java:63)
at Testcase.testcasecode.generatedstring(testcasecode.java:63)
at Testcase.testcasecode.generatedstring(testcasecode.java:63)
at Testcase.testcasecode.generatedstring(testcasecode.java:63)
at Testcase.testcasecode.generatedstring(testcasecode.java:63)
at Testcase.testcasecode.generatedstring(testcasecode.java:63)
at Testcase.testcasecode.generatedstring(testcasecode.java:63)
at Testcase.testcasecode.generatedstring(testcasecode.java:63)
at Testcase.testcasecode.generatedstring(testcasecode.java:63)
at Testcase.testcasecode.generatedstring(testcasecode.java:63)
at Testcase.testcasecode.generatedstring(testcasecode.java:63)
at Testcase.testcasecode.generatedstring(testcasecode.java:63)
at Testcase.testcasecode.generatedstring(testcasecode.java:63)
at Testcase.testcasecode.generatedstring(testcasecode.java:63)
at Testcase.testcasecode.generatedstring(testcasecode.java:63)
at Testcase.testcasecode.generatedstring(testcasecode.java:63)
at Testcase.testcasecode.generatedstring(testcasecode.java:63)
at Testcase.testcasecode.generatedstring(testcasecode.java:63)
at Testcase.testcasecode.generatedstring(testcasecode.java:63)
at Testcase.testcasecode.generatedstring(testcasecode.java:63)
at Testcase.testcasecode.generatedstring(testcasecode.java:63)
at Testcase.testcasecode.generatedstring(testcasecode.java:63)
at Testcase.testcasecode.generatedstring(testcasecode.java:63)
at Testcase.testcasecode.generatedstring(testcasecode.java:63)
at Testcase.testcasecode.generatedstring(testcasecode.java:63)
at Testcase.testcasecode.generatedstring(testcasecode.java:63)
at Testcase.testcasecode.generatedstring(testcasecode.java:63)
at Testcase.testcasecode.generatedstring(testcasecode.java:63)
at Testcase.testcasecode.generatedstring(testcasecode.java:63)
at Testcase.testcasecode.generatedstring(testcasecode.java:63)
at Testcase.testcasecode.generatedstring(testcasecode.java:63)
at Testcase.testcasecode.generatedstring(testcasecode.java:63)
at Testcase.testcasecode.generatedstring(testcasecode.java:63)
at Testcase.testcasecode.generatedstring(testcasecode.java:63)
at Testcase.testcasecode.generatedstring(testcasecode.java:63)
at Testcase.testcasecode.generatedstring(testcasecode.java:63)
at Testcase.testcasecode.generatedstring(testcasecode.java:63)
at Testcase.testcasecode.generatedstring(testcasecode.java:63)
at Testcase.testcasecode.generatedstring(testcasecode.java:63)
at Testcase.testcasecode.generatedstring(testcasecode.java:63)
at Testcase.testcasecode.generatedstring(testcasecode.java:63)
at Testcase.testcasecode.generatedstring(testcasecode.java:63)
at Testcase.testcasecode.generatedstring(testcasecode.java:63)
at Testcase.testcasecode.generatedstring(testcasecode.java:63)
at Testcase.testcasecode.generatedstring(testcasecode.java:63)
at Testcase.testcasecode.generatedstring(testcasecode.java:63)
at Testcase.testcasecode.generatedstring(testcasecode.java:63)
at Testcase.testcasecode.generatedstring(testcasecode.java:63)
at Testcase.testcasecode.generatedstring(testcasecode.java:63)
at Testcase.testcasecode.generatedstring(testcasecode.java:63)
at Testcase.testcasecode.generatedstring(testcasecode.java:63)
at Testcase.testcasecode.generatedstring(testcasecode.java:63)
at Testcase.testcasecode.generatedstring(testcasecode.java:63)
at Testcase.testcasecode.generatedstring(testcasecode.java:63)
at Testcase.testcasecode.generatedstring(testcasecode.java:63)
at Testcase.testcasecode.generatedstring(testcasecode.java:63)
at Testcase.testcasecode.generatedstring(testcasecode.java:63)
at Testcase.testcasecode.generatedstring(testcasecode.java:63)
at Testcase.testcasecode.generatedstring(testcasecode.java:63)
at Testcase.testcasecode.generatedstring(testcasecode.java:63)
at Testcase.testcasecode.generatedstring(testcasecode.java:63)
at Testcase.testcasecode.generatedstring(testcasecode.java:63)
at Testcase.testcasecode.generatedstring(testcasecode.java:63)
at Testcase.testcasecode.generatedstring(testcasecode.java:63)
at Testcase.testcasecode.generatedstring(testcasecode.java:63)
at Testcase.testcasecode.generatedstring(testcasecode.java:63)
at Testcase.testcasecode.generatedstring(testcasecode.java:63)
at Testcase.testcasecode.generatedstring(testcasecode.java:63)
at Testcase.testcasecode.generatedstring(testcasecode.java:63)
at Testcase.testcasecode.generatedstring(testcasecode.java:63)
at Testcase.testcasecode.generatedstring(testcasecode.java:63)
at Testcase.testcasecode.generatedstring(testcasecode.java:63)
at Testcase.testcasecode.generatedstring(testcasecode.java:63)
at Testcase.testcasecode.generatedstring(testcasecode.java:63)
at Testcase.testcasecode.generatedstring(testcasecode.java:63)
at Testcase.testcasecode.generatedstring(testcasecode.java:63)
at Testcase.testcasecode.generatedstring(testcasecode.java:63)
at Testcase.testcasecode.generatedstring(testcasecode.java:63)
at Testcase.testcasecode.generatedstring(testcasecode.java:63)
at Testcase.testcasecode.generatedstring(testcasecode.java:63)
at Testcase.testcasecode.generatedstring(testcasecode.java:63)
at Testcase.testcasecode.generatedstring(testcasecode.java:63)
at Testcase.testcasecode.generatedstring(testcasecode.java:63)
at Testcase.testcasecode.generatedstring(testcasecode.java:63)
at Testcase.testcasecode.generatedstring(testcasecode.java:63)
at Testcase.testcasecode.generatedstring(testcasecode.java:63)
at Testcase.testcasecode.generatedstring(testcasecode.java:63)
at Testcase.testcasecode.generatedstring(testcasecode.java:63)
at Testcase.testcasecode.generatedstring(testcasecode.java:63)
at Testcase.testcasecode.generatedstring(testcasecode.java:63)
at Testcase.testcasecode.generatedstring(testcasecode.java:63)
at Testcase.testcasecode.generatedstring(testcasecode.java:63)
at Testcase.testcasecode.generatedstring(testcasecode.java:63)
at Testcase.testcasecode.generatedstring(testcasecode.java:63)
at Testcase.testcasecode.generatedstring(testcasecode.java:63)
at Testcase.testcasecode.generatedstring(testcasecode.java:63)
at Testcase.testcasecode.generatedstring(testcasecode.java:63)
at Testcase.testcasecode.generatedstring(testcasecode.java:63)
at Testcase.testcasecode.generatedstring(testcasecode.java:63)
at Testcase.testcasecode.generatedstring(testcasecode.java:63)
at Testcase.testcasecode.generatedstring(testcasecode.java:63)
at Testcase.testcasecode.generatedstring(testcasecode.java:63)
at Testcase.testcasecode.generatedstring(testcasecode.java:63)
at Testcase.testcasecode.generatedstring(testcasecode.java:63)
at Testcase.testcasecode.generatedstring(testcasecode.java:63)
at Testcase.testcasecode.generatedstring(testcasecode.java:63)
at Testcase.testcasecode.generatedstring(testcasecode.java:63)
at Testcase.testcasecode.generatedstring(testcasecode.java:63)
at Testcase.testcasecode.generatedstring(testcasecode.java:63)
at Testcase.testcasecode.generatedstring(testcasecode.java:63)
at Testcase.testcasecode.generatedstring(testcasecode.java:63)
at Testcase.testcasecode.generatedstring(testcasecode.java:63)
at Testcase.testcasecode.generatedstring(testcasecode.java:63)
at Testcase.testcasecode.generatedstring(testcasecode.java:63)
at Testcase.testcasecode.generatedstring(testcasecode.java:63)
at Testcase.testcasecode.generatedstring(testcasecode.java:63)
at Testcase.testcasecode.generatedstring(testcasecode.java:63)
at Testcase.testcasecode.generatedstring(testcasecode.java:63)
at Testcase.testcasecode.generatedstring(testcasecode.java:63)
at Testcase.testcasecode.generatedstring(testcasecode.java:63)
at Testcase.testcasecode.generatedstring(testcasecode.java:63)
at Testcase.testcasecode.generatedstring(testcasecode.java:63)
at Testcase.testcasecode.generatedstring(testcasecode.java:63)
at Testcase.testcasecode.generatedstring(testcasecode.java:63)
at Testcase.testcasecode.generatedstring(testcasecode.java:63)
at Testcase.testcasecode.generatedstring(testcasecode.java:63)
at Testcase.testcasecode.generatedstring(testcasecode.java:63)
at Testcase.testcasecode.generatedstring(testcasecode.java:63)
at Testcase.testcasecode.generatedstring(testcasecode.java:63)
at Testcase.testcasecode.generatedstring(testcasecode.java:63)
at Testcase.testcasecode.generatedstring(testcasecode.java:63)
at Testcase.testcasecode.generatedstring(testcasecode.java:63)
at Testcase.testcasecode.generatedstring(testcasecode.java:63)
at Testcase.testcasecode.generatedstring(testcasecode.java:63)
at Testcase.testcasecode.generatedstring(testcasecode.java:63)
at Testcase.testcasecode.generatedstring(testcasecode.java:63)
at Testcase.testcasecode.generatedstring(testcasecode.java:63)
at Testcase.testcasecode.generatedstring(testcasecode.java:63)
at Testcase.testcasecode.generatedstring(testcasecode.java:63)
at Testcase.testcasecode.generatedstring(testcasecode.java:63)
at Testcase.testcasecode.generatedstring(testcasecode.java:63)
at Testcase.testcasecode.generatedstring(testcasecode.java:63)
at Testcase.testcasecode.generatedstring(testcasecode.java:63)
at Testcase.testcasecode.generatedstring(testcasecode.java:63)
at Testcase.testcasecode.generatedstring(testcasecode.java:63)
at Testcase.testcasecode.generatedstring(testcasecode.java:63)
at Testcase.testcasecode.generatedstring(testcasecode.java:63)
at Testcase.testcasecode.generatedstring(testcasecode.java:63)
at Testcase.testcasecode.generatedstring(testcasecode.java:63)
at Testcase.testcasecode.generatedstring(testcasecode.java:63)
at Testcase.testcasecode.generatedstring(testcasecode.java:63)
at Testcase.testcasecode.generatedstring(testcasecode.java:63)
at Testcase.testcasecode.generatedstring(testcasecode.java:63)
at Testcase.testcasecode.generatedstring(testcasecode.java:63)
at Testcase.testcasecode.generatedstring(testcasecode.java:63)
at Testcase.testcasecode.generatedstring(testcasecode.java:63)
at Testcase.testcasecode.generatedstring(testcasecode.java:63)
at Testcase.testcasecode.generatedstring(testcasecode.java:63)
at Testcase.testcasecode.generatedstring(testcasecode.java:63)
at Testcase.testcasecode.generatedstring(testcasecode.java:63)
at Testcase.testcasecode.generatedstring(testcasecode.java:63)
at Testcase.testcasecode.generatedstring(testcasecode.java:63)
at Testcase.testcasecode.generatedstring(testcasecode.java:63)
at Testcase.testcasecode.generatedstring(testcasecode.java:63)
at Testcase.testcasecode.generatedstring(testcasecode.java:63)
at Testcase.testcasecode.generatedstring(testcasecode.java:63)
at Testcase.testcasecode.generatedstring(testcasecode.java:63)
at Testcase.testcasecode.generatedstring(testcasecode.java:63)
at Testcase.testcasecode.generatedstring(testcasecode.java:63)
at Testcase.testcasecode.generatedstring(testcasecode.java:63)
at Testcase.testcasecode.generatedstring(testcasecode.java:63)
at Testcase.testcasecode.generatedstring(testcasecode.java:63)
at Testcase.testcasecode.generatedstring(testcasecode.java:63)
at Testcase.testcasecode.generatedstring(testcasecode.java:63)
at Testcase.testcasecode.generatedstring(testcasecode.java:63)
at Testcase.testcasecode.generatedstring(testcasecode.java:63)
at Testcase.testcasecode.generatedstring(testcasecode.java:63)
at Testcase.testcasecode.generatedstring(testcasecode.java:63)
at Testcase.testcasecode.generatedstring(testcasecode.java:63)
at Testcase.testcasecode.generatedstring(testcasecode.java:63)
at Testcase.testcasecode.generatedstring(testcasecode.java:63)
at Testcase.testcasecode.generatedstring(testcasecode.java:63)
at Testcase.testcasecode.generatedstring(testcasecode.java:63)
at Testcase.testcasecode.generatedstring(testcasecode.java:63)
at Testcase.testcasecode.generatedstring(testcasecode.java:63)
at Testcase.testcasecode.generatedstring(testcasecode.java:63)
at Testcase.testcasecode.generatedstring(testcasecode.java:63)
at Testcase.testcasecode.generatedstring(testcasecode.java:63)
at Testcase.testcasecode.generatedstring(testcasecode.java:63)
at Testcase.testcasecode.generatedstring(testcasecode.java:63)
at Testcase.testcasecode.generatedstring(testcasecode.java:63)
at Testcase.testcasecode.generatedstring(testcasecode.java:63)
at Testcase.testcasecode.generatedstring(testcasecode.java:63)
at Testcase.testcasecode.generatedstring(testcasecode.java:63)
at Testcase.testcasecode.generatedstring(testcasecode.java:63)
at Testcase.testcasecode.generatedstring(testcasecode.java:63)
at Testcase.testcasecode.generatedstring(testcasecode.java:63)
at Testcase.testcasecode.generatedstring(testcasecode.java:63)
at Testcase.testcasecode.generatedstring(testcasecode.java:63)
at Testcase.testcasecode.generatedstring(testcasecode.java:63)
at Testcase.testcasecode.generatedstring(testcasecode.java:63)
at Testcase.testcasecode.generatedstring(testcasecode.java:63)
at Testcase.testcasecode.generatedstring(testcasecode.java:63)
at Testcase.testcasecode.generatedstring(testcasecode.java:63)
at Testcase.testcasecode.generatedstring(testcasecode.java:63)
at Testcase.testcasecode.generatedstring(testcasecode.java:63)
at Testcase.testcasecode.generatedstring(testcasecode.java:63)
at Testcase.testcasecode.generatedstring(testcasecode.java:63)
at Testcase.testcasecode.generatedstring(testcasecode.java:63)
at Testcase.testcasecode.generatedstring(testcasecode.java:63)
at Testcase.testcasecode.generatedstring(testcasecode.java:63)
at Testcase.testcasecode.generatedstring(testcasecode.java:63)
at Testcase.testcasecode.generatedstring(testcasecode.java:63)
at Testcase.testcasecode.generatedstring(testcasecode.java:63)
at Testcase.testcasecode.generatedstring(testcasecode.java:63)
at Testcase.testcasecode.generatedstring(testcasecode.java:63)
at Testcase.testcasecode.generatedstring(testcasecode.java:63)
at Testcase.testcasecode.generatedstring(testcasecode.java:63)
at Testcase.testcasecode.generatedstring(testcasecode.java:63)
at Testcase.testcasecode.generatedstring(testcasecode.java:63)
at Testcase.testcasecode.generatedstring(testcasecode.java:63)
at Testcase.testcasecode.generatedstring(testcasecode.java:63)
at Testcase.testcasecode.generatedstring(testcasecode.java:63)
at Testcase.testcasecode.generatedstring(testcasecode.java:63)
at Testcase.testcasecode.generatedstring(testcasecode.java:63)
at Testcase.testcasecode.generatedstring(testcasecode.java:63)
at Testcase.testcasecode.generatedstring(testcasecode.java:63)
at Testcase.testcasecode.generatedstring(testcasecode.java:63)
at Testcase.testcasecode.generatedstring(testcasecode.java:63)
at Testcase.testcasecode.generatedstring(testcasecode.java:63)
at Testcase.testcasecode.generatedstring(testcasecode.java:63)
at Testcase.testcasecode.generatedstring(testcasecode.java:63)
at Testcase.testcasecode.generatedstring(testcasecode.java:63)
at Testcase.testcasecode.generatedstring(testcasecode.java:63)
at Testcase.testcasecode.generatedstring(testcasecode.java:63)
at Testcase.testcasecode.generatedstring(testcasecode.java:63)
at Testcase.testcasecode.generatedstring(testcasecode.java:63)
at Testcase.testcasecode.generatedstring(testcasecode.java:63)
at Testcase.testcasecode.generatedstring(testcasecode.java:63)
at Testcase.testcasecode.generatedstring(testcasecode.java:63)
at Testcase.testcasecode.generatedstring(testcasecode.java:63)
at Testcase.testcasecode.generatedstring(testcasecode.java:63)
at Testcase.testcasecode.generatedstring(testcasecode.java:63)
at Testcase.testcasecode.generatedstring(testcasecode.java:63)
at Testcase.testcasecode.generatedstring(testcasecode.java:63)
at Testcase.testcasecode.generatedstring(testcasecode.java:63)
at Testcase.testcasecode.generatedstring(testcasecode.java:63)
at Testcase.testcasecode.generatedstring(testcasecode.java:63)
at Testcase.testcasecode.generatedstring(testcasecode.java:63)
at Testcase.testcasecode.generatedstring(testcasecode.java:63)
at Testcase.testcasecode.generatedstring(testcasecode.java:63)
at Testcase.testcasecode.generatedstring(testcasecode.java:63)
at Testcase.testcasecode.generatedstring(testcasecode.java:63)
at Testcase.testcasecode.generatedstring(testcasecode.java:63)
at Testcase.testcasecode.generatedstring(testcasecode.java:63)
at Testcase.testcasecode.generatedstring(testcasecode.java:63)
at Testcase.testcasecode.generatedstring(testcasecode.java:63)
at Testcase.testcasecode.generatedstring(testcasecode.java:63)
at Testcase.testcasecode.generatedstring(testcasecode.java:63)
at Testcase.testcasecode.generatedstring(testcasecode.java:63)
at Testcase.testcasecode.generatedstring(testcasecode.java:63)
at Testcase.testcasecode.generatedstring(testcasecode.java:63)
at Testcase.testcasecode.generatedstring(testcasecode.java:63)
at Testcase.testcasecode.generatedstring(testcasecode.java:63)
at Testcase.testcasecode.generatedstring(testcasecode.java:63)
at Testcase.testcasecode.generatedstring(testcasecode.java:63)
at Testcase.testcasecode.generatedstring(testcasecode.java:63)
at Testcase.testcasecode.generatedstring(testcasecode.java:63)
at Testcase.testcasecode.generatedstring(testcasecode.java:63)
at Testcase.testcasecode.generatedstring(testcasecode.java:63)
at Testcase.testcasecode.generatedstring(testcasecode.java:63)
at Testcase.testcasecode.generatedstring(testcasecode.java:63)
at Testcase.testcasecode.generatedstring(testcasecode.java:63)
at Testcase.testcasecode.generatedstring(testcasecode.java:63)
at Testcase.testcasecode.generatedstring(testcasecode.java:63)
at Testcase.testcasecode.generatedstring(testcasecode.java:63)
at Testcase.testcasecode.generatedstring(testcasecode.java:63)
at Testcase.testcasecode.generatedstring(testcasecode.java:63)
at Testcase.testcasecode.generatedstring(testcasecode.java:63)
at Testcase.testcasecode.generatedstring(testcasecode.java:63)
at Testcase.testcasecode.generatedstring(testcasecode.java:63)
at Testcase.testcasecode.generatedstring(testcasecode.java:63)
at Testcase.testcasecode.generatedstring(testcasecode.java:63)
at Testcase.testcasecode.generatedstring(testcasecode.java:63)
at Testcase.testcasecode.generatedstring(testcasecode.java:63)
at Testcase.testcasecode.generatedstring(testcasecode.java:63)
at Testcase.testcasecode.generatedstring(testcasecode.java:63)
at Testcase.testcasecode.generatedstring(testcasecode.java:63)
at Testcase.testcasecode.generatedstring(testcasecode.java:63)
at Testcase.testcasecode.generatedstring(testcasecode.java:63)
at Testcase.testcasecode.generatedstring(testcasecode.java:63)
at Testcase.testcasecode.generatedstring(testcasecode.java:63)
at Testcase.testcasecode.generatedstring(testcasecode.java:63)
at Testcase.testcasecode.generatedstring(testcasecode.java:63)
at Testcase.testcasecode.generatedstring(testcasecode.java:63)
at Testcase.testcasecode.generatedstring(testcasecode.java:63)
at Testcase.testcasecode.generatedstring(testcasecode.java:63)
at Testcase.testcasecode.generatedstring(testcasecode.java:63)
at Testcase.testcasecode.generatedstring(testcasecode.java:63)
at Testcase.testcasecode.generatedstring(testcasecode.java:63)
at Testcase.testcasecode.generatedstring(testcasecode.java:63)
at Testcase.testcasecode.generatedstring(testcasecode.java:63)
at Testcase.testcasecode.generatedstring(testcasecode.java:63)
at Testcase.testcasecode.generatedstring(testcasecode.java:63)
at Testcase.testcasecode.generatedstring(testcasecode.java:63)
at Testcase.testcasecode.generatedstring(testcasecode.java:63)
at Testcase.testcasecode.generatedstring(testcasecode.java:63)
at Testcase.testcasecode.generatedstring(testcasecode.java:63)
at Testcase.testcasecode.generatedstring(testcasecode.java:63)
at Testcase.testcasecode.generatedstring(testcasecode.java:63)
at Testcase.testcasecode.generatedstring(testcasecode.java:63)
at Testcase.testcasecode.generatedstring(testcasecode.java:63)
at Testcase.testcasecode.generatedstring(testcasecode.java:63)
at Testcase.testcasecode.generatedstring(testcasecode.java:63)
at Testcase.testcasecode.generatedstring(testcasecode.java:63)
at Testcase.testcasecode.generatedstring(testcasecode.java:63)
at Testcase.testcasecode.generatedstring(testcasecode.java:63)
at Testcase.testcasecode.generatedstring(testcasecode.java:63)
at Testcase.testcasecode.generatedstring(testcasecode.java:63)
at Testcase.testcasecode.generatedstring(testcasecode.java:63)
at Testcase.testcasecode.generatedstring(testcasecode.java:63)
at Testcase.testcasecode.generatedstring(testcasecode.java:63)
at Testcase.testcasecode.generatedstring(testcasecode.java:63)
at Testcase.testcasecode.generatedstring(testcasecode.java:63)
at Testcase.testcasecode.generatedstring(testcasecode.java:63)
at Testcase.testcasecode.generatedstring(testcasecode.java:63)
at Testcase.testcasecode.generatedstring(testcasecode.java:63)
at Testcase.testcasecode.generatedstring(testcasecode.java:63)
at Testcase.testcasecode.generatedstring(testcasecode.java:63)
at Testcase.testcasecode.generatedstring(testcasecode.java:63)
at Testcase.testcasecode.generatedstring(testcasecode.java:63)
at Testcase.testcasecode.generatedstring(testcasecode.java:63)
at Testcase.testcasecode.generatedstring(testcasecode.java:63)
at Testcase.testcasecode.generatedstring(testcasecode.java:63)
at Testcase.testcasecode.generatedstring(testcasecode.java:63)
at Testcase.testcasecode.generatedstring(testcasecode.java:63)
at Testcase.testcasecode.generatedstring(testcasecode.java:63)
at Testcase.testcasecode.generatedstring(testcasecode.java:63)
at Testcase.testcasecode.generatedstring(testcasecode.java:63)
at Testcase.testcasecode.generatedstring(testcasecode.java:63)
at Testcase.testcasecode.generatedstring(testcasecode.java:63)
at Testcase.testcasecode.generatedstring(testcasecode.java:63)
at Testcase.testcasecode.generatedstring(testcasecode.java:63)
at Testcase.testcasecode.generatedstring(testcasecode.java:63)
at Testcase.testcasecode.generatedstring(testcasecode.java:63)
at Testcase.testcasecode.generatedstring(testcasecode.java:63)
at Testcase.testcasecode.generatedstring(testcasecode.java:63)
at Testcase.testcasecode.generatedstring(testcasecode.java:63)
at Testcase.testcasecode.generatedstring(testcasecode.java:63)
at Testcase.testcasecode.generatedstring(testcasecode.java:63)
at Testcase.testcasecode.generatedstring(testcasecode.java:63)
at Testcase.testcasecode.generatedstring(testcasecode.java:63)
at Testcase.testcasecode.generatedstring(testcasecode.java:63)
at Testcase.testcasecode.generatedstring(testcasecode.java:63)
at Testcase.testcasecode.generatedstring(testcasecode.java:63)
at Testcase.testcasecode.generatedstring(testcasecode.java:63)
at Testcase.testcasecode.generatedstring(testcasecode.java:63)
at Testcase.testcasecode.generatedstring(testcasecode.java:63)
at Testcase.testcasecode.generatedstring(testcasecode.java:63)
at Testcase.testcasecode.generatedstring(testcasecode.java:63)
at Testcase.testcasecode.generatedstring(testcasecode.java:63)
at Testcase.testcasecode.generatedstring(testcasecode.java:63)
at Testcase.testcasecode.generatedstring(testcasecode.java:63)
at Testcase.testcasecode.generatedstring(testcasecode.java:63)
at Testcase.testcasecode.generatedstring(testcasecode.java:63)
at Testcase.testcasecode.generatedstring(testcasecode.java:63)
at Testcase.testcasecode.generatedstring(testcasecode.java:63)
at Testcase.testcasecode.generatedstring(testcasecode.java:63)
at Testcase.testcasecode.generatedstring(testcasecode.java:63)
at Testcase.testcasecode.generatedstring(testcasecode.java:63)
at Testcase.testcasecode.generatedstring(testcasecode.java:63)
at Testcase.testcasecode.generatedstring(testcasecode.java:63)
at Testcase.testcasecode.generatedstring(testcasecode.java:63)
at Testcase.testcasecode.generatedstring(testcasecode.java:63)
at Testcase.testcasecode.generatedstring(testcasecode.java:63)
at Testcase.testcasecode.generatedstring(testcasecode.java:63)
at Testcase.testcasecode.generatedstring(testcasecode.java:63)
at Testcase.testcasecode.generatedstring(testcasecode.java:63)
at Testcase.testcasecode.generatedstring(testcasecode.java:63)
at Testcase.testcasecode.generatedstring(testcasecode.java:63)
at Testcase.testcasecode.generatedstring(testcasecode.java:63)
at Testcase.testcasecode.generatedstring(testcasecode.java:63)
at Testcase.testcasecode.generatedstring(testcasecode.java:63)
at Testcase.testcasecode.generatedstring(testcasecode.java:63)
at Testcase.testcasecode.generatedstring(testcasecode.java:63)
at Testcase.testcasecode.generatedstring(testcasecode.java:63)
at Testcase.testcasecode.generatedstring(testcasecode.java:63)
at Testcase.testcasecode.generatedstring(testcasecode.java:63)
at Testcase.testcasecode.generatedstring(testcasecode.java:63)
at Testcase.testcasecode.generatedstring(testcasecode.java:63)
at Testcase.testcasecode.generatedstring(testcasecode.java:63)
at Testcase.testcasecode.generatedstring(testcasecode.java:63)
at Testcase.testcasecode.generatedstring(testcasecode.java:63)
at Testcase.testcasecode.generatedstring(testcasecode.java:63)
at Testcase.testcasecode.generatedstring(testcasecode.java:63)
at Testcase.testcasecode.generatedstring(testcasecode.java:63)
at Testcase.testcasecode.generatedstring(testcasecode.java:63)
at Testcase.testcasecode.generatedstring(testcasecode.java:63)
at Testcase.testcasecode.generatedstring(testcasecode.java:63)
at Testcase.testcasecode.generatedstring(testcasecode.java:63)
at Testcase.testcasecode.generatedstring(testcasecode.java:63)
at Testcase.testcasecode.generatedstring(testcasecode.java:63)
at Testcase.testcasecode.generatedstring(testcasecode.java:63)
at Testcase.testcasecode.generatedstring(testcasecode.java:63)
at Testcase.testcasecode.generatedstring(testcasecode.java:63)
at Testcase.testcasecode.generatedstring(testcasecode.java:63)
at Testcase.testcasecode.generatedstring(testcasecode.java:63)
at Testcase.testcasecode.generatedstring(testcasecode.java:63)
at Testcase.testcasecode.generatedstring(testcasecode.java:63)
at Testcase.testcasecode.generatedstring(testcasecode.java:63)
at Testcase.testcasecode.generatedstring(testcasecode.java:63)
at Testcase.testcasecode.generatedstring(testcasecode.java:63)
at Testcase.testcasecode.generatedstring(testcasecode.java:63)
at Testcase.testcasecode.generatedstring(testcasecode.java:63)
at Testcase.testcasecode.generatedstring(testcasecode.java:63)
at Testcase.testcasecode.generatedstring(testcasecode.java:63)
at Testcase.testcasecode.generatedstring(testcasecode.java:63)
at Testcase.testcasecode.generatedstring(testcasecode.java:63)
at Testcase.testcasecode.generatedstring(testcasecode.java:63)
at Testcase.testcasecode.generatedstring(testcasecode.java:63)
at Testcase.testcasecode.generatedstring(testcasecode.java:63)
at Testcase.testcasecode.generatedstring(testcasecode.java:63)
at Testcase.testcasecode.generatedstring(testcasecode.java:63)
at Testcase.testcasecode.generatedstring(testcasecode.java:63)
at Testcase.testcasecode.generatedstring(testcasecode.java:63)
at Testcase.testcasecode.generatedstring(testcasecode.java:63)
at Testcase.testcasecode.generatedstring(testcasecode.java:63)
at Testcase.testcasecode.generatedstring(testcasecode.java:63)
at Testcase.testcasecode.generatedstring(testcasecode.java:63)
at Testcase.testcasecode.generatedstring(testcasecode.java:63)
at Testcase.testcasecode.generatedstring(testcasecode.java:63)
at Testcase.testcasecode.generatedstring(testcasecode.java:63)
at Testcase.testcasecode.generatedstring(testcasecode.java:63)
at Testcase.testcasecode.generatedstring(testcasecode.java:63)
at Testcase.testcasecode.generatedstring(testcasecode.java:63)
at Testcase.testcasecode.generatedstring(testcasecode.java:63)
at Testcase.testcasecode.generatedstring(testcasecode.java:63)
at Testcase.testcasecode.generatedstring(testcasecode.java:63)
at Testcase.testcasecode.generatedstring(testcasecode.java:63)
at Testcase.testcasecode.generatedstring(testcasecode.java:63)
at Testcase.testcasecode.generatedstring(testcasecode.java:63)
at Testcase.testcasecode.generatedstring(testcasecode.java:63)
at Testcase.testcasecode.generatedstring(testcasecode.java:63)
at Testcase.testcasecode.generatedstring(testcasecode.java:63)
at Testcase.testcasecode.generatedstring(testcasecode.java:63)
at Testcase.testcasecode.generatedstring(testcasecode.java:63)
at Testcase.testcasecode.generatedstring(testcasecode.java:63)
at Testcase.testcasecode.generatedstring(testcasecode.java:63)
at Testcase.testcasecode.generatedstring(testcasecode.java:63)
at Testcase.testcasecode.generatedstring(testcasecode.java:63)
at Testcase.testcasecode.generatedstring(testcasecode.java:63)
at Testcase.testcasecode.generatedstring(testcasecode.java:63)
at Testcase.testcasecode.generatedstring(testcasecode.java:63)
at Testcase.testcasecode.generatedstring(testcasecode.java:63)
at Testcase.testcasecode.generatedstring(testcasecode.java:63)
at Testcase.testcasecode.generatedstring(testcasecode.java:63)
at Testcase.testcasecode.generatedstring(testcasecode.java:63)
at Testcase.testcasecode.generatedstring(testcasecode.java:63)
at Testcase.testcasecode.generatedstring(testcasecode.java:63)
at Testcase.testcasecode.generatedstring(testcasecode.java:63)
at Testcase.testcasecode.generatedstring(testcasecode.java:63)
at Testcase.testcasecode.generatedstring(testcasecode.java:63)
at Testcase.testcasecode.generatedstring(testcasecode.java:63)
at Testcase.testcasecode.generatedstring(testcasecode.java:63)
at Testcase.testcasecode.generatedstring(testcasecode.java:63)
at Testcase.testcasecode.generatedstring(testcasecode.java:63)
at Testcase.testcasecode.generatedstring(testcasecode.java:63)
at Testcase.testcasecode.generatedstring(testcasecode.java:63)
at Testcase.testcasecode.generatedstring(testcasecode.java:63)
at Testcase.testcasecode.generatedstring(testcasecode.java:63)
at Testcase.testcasecode.generatedstring(testcasecode.java:63)
at Testcase.testcasecode.generatedstring(testcasecode.java:63)
at Testcase.testcasecode.generatedstring(testcasecode.java:63)
at Testcase.testcasecode.generatedstring(testcasecode.java:63)
at Testcase.testcasecode.generatedstring(testcasecode.java:63)
at Testcase.testcasecode.generatedstring(testcasecode.java:63)
at Testcase.testcasecode.generatedstring(testcasecode.java:63)
at Testcase.testcasecode.generatedstring(testcasecode.java:63)
at Testcase.testcasecode.generatedstring(testcasecode.java:63)
at Testcase.testcasecode.generatedstring(testcasecode.java:63)
at Testcase.testcasecode.generatedstring(testcasecode.java:63)
at Testcase.testcasecode.generatedstring(testcasecode.java:63)
at Testcase.testcasecode.generatedstring(testcasecode.java:63)
at Testcase.testcasecode.generatedstring(testcasecode.java:63)
at Testcase.testcasecode.generatedstring(testcasecode.java:63)
at Testcase.testcasecode.generatedstring(testcasecode.java:63)
at Testcase.testcasecode.generatedstring(testcasecode.java:63)
at Testcase.testcasecode.generatedstring(testcasecode.java:63)
at Testcase.testcasecode.generatedstring(testcasecode.java:63)
at Testcase.testcasecode.generatedstring(testcasecode.java:63)
at Testcase.testcasecode.generatedstring(testcasecode.java:63)
at Testcase.testcasecode.generatedstring(testcasecode.java:63)
at Testcase.testcasecode.generatedstring(testcasecode.java:63)
at Testcase.testcasecode.generatedstring(testcasecode.java:63)
at Testcase.testcasecode.generatedstring(testcasecode.java:63)
at Testcase.testcasecode.generatedstring(testcasecode.java:63)
at Testcase.testcasecode.generatedstring(testcasecode.java:63)
at Testcase.testcasecode.generatedstring(testcasecode.java:63)
at Testcase.testcasecode.generatedstring(testcasecode.java:63)
at Testcase.testcasecode.generatedstring(testcasecode.java:63)
at Testcase.testcasecode.generatedstring(testcasecode.java:63)
at Testcase.testcasecode.generatedstring(testcasecode.java:63)
at Testcase.testcasecode.generatedstring(testcasecode.java:63)
at Testcase.testcasecode.generatedstring(testcasecode.java:63)
at Testcase.testcasecode.generatedstring(testcasecode.java:63)
at Testcase.testcasecode.generatedstring(testcasecode.java:63)
at Testcase.testcasecode.generatedstring(testcasecode.java:63)
at Testcase.testcasecode.generatedstring(testcasecode.java:63)
at Testcase.testcasecode.generatedstring(testcasecode.java:63)
at Testcase.testcasecode.generatedstring(testcasecode.java:63)
at Testcase.testcasecode.generatedstring(testcasecode.java:63)
at Testcase.testcasecode.generatedstring(testcasecode.java:63)
at Testcase.testcasecode.generatedstring(testcasecode.java:63)
at Testcase.testcasecode.generatedstring(testcasecode.java:63)
at Testcase.testcasecode.generatedstring(testcasecode.java:63)
at Testcase.testcasecode.generatedstring(testcasecode.java:63)
at Testcase.testcasecode.generatedstring(testcasecode.java:63)
at Testcase.testcasecode.generatedstring(testcasecode.java:63)
at Testcase.testcasecode.generatedstring(testcasecode.java:63)
at Testcase.testcasecode.generatedstring(testcasecode.java:63)
at Testcase.testcasecode.generatedstring(testcasecode.java:63)
at Testcase.testcasecode.generatedstring(testcasecode.java:63)
at Testcase.testcasecode.generatedstring(testcasecode.java:63)
at Testcase.testcasecode.generatedstring(testcasecode.java:63)
at Testcase.testcasecode.generatedstring(testcasecode.java:63)
at Testcase.testcasecode.generatedstring(testcasecode.java:63)
at Testcase.testcasecode.generatedstring(testcasecode.java:63)
at Testcase.testcasecode.generatedstring(testcasecode.java:63)
at Testcase.testcasecode.generatedstring(testcasecode.java:63)
at Testcase.testcasecode.generatedstring(testcasecode.java:63)
at Testcase.testcasecode.generatedstring(testcasecode.java:63)
at Testcase.testcasecode.generatedstring(testcasecode.java:63)
at Testcase.testcasecode.generatedstring(testcasecode.java:63)
at Testcase.testcasecode.generatedstring(testcasecode.java:63)
at Testcase.testcasecode.generatedstring(testcasecode.java:63)
at Testcase.testcasecode.generatedstring(testcasecode.java:63)
at Testcase.testcasecode.generatedstring(testcasecode.java:63)
at Testcase.testcasecode.generatedstring(testcasecode.java:63)
at Testcase.testcasecode.generatedstring(testcasecode.java:63)
at Testcase.testcasecode.generatedstring(testcasecode.java:63)
at Testcase.testcasecode.generatedstring(testcasecode.java:63)
at Testcase.testcasecode.generatedstring(testcasecode.java:63)
at Testcase.testcasecode.generatedstring(testcasecode.java:63)
at Testcase.testcasecode.generatedstring(testcasecode.java:63)
at Testcase.testcasecode.generatedstring(testcasecode.java:63)
at Testcase.testcasecode.generatedstring(testcasecode.java:63)
at Testcase.testcasecode.generatedstring(testcasecode.java:63)
at Testcase.testcasecode.generatedstring(testcasecode.java:63)
at Testcase.testcasecode.generatedstring(testcasecode.java:63)
at Testcase.testcasecode.generatedstring(testcasecode.java:63)
at Testcase.testcasecode.generatedstring(testcasecode.java:63)
at Testcase.testcasecode.generatedstring(testcasecode.java:63)
at Testcase.testcasecode.generatedstring(testcasecode.java:63)
at Testcase.testcasecode.generatedstring(testcasecode.java:63)
at Testcase.testcasecode.generatedstring(testcasecode.java:63)
at Testcase.testcasecode.generatedstring(testcasecode.java:63)
at Testcase.testcasecode.generatedstring(testcasecode.java:63)
at Testcase.testcasecode.generatedstring(testcasecode.java:63)
at Testcase.testcasecode.generatedstring(testcasecode.java:63)
at Testcase.testcasecode.generatedstring(testcasecode.java:63)
at Testcase.testcasecode.generatedstring(testcasecode.java:63)
at Testcase.testcasecode.generatedstring(testcasecode.java:63)
at Testcase.testcasecode.generatedstring(testcasecode.java:63)
at Testcase.testcasecode.generatedstring(testcasecode.java:63)
at Testcase.testcasecode.generatedstring(testcasecode.java:63)
at Testcase.testcasecode.generatedstring(testcasecode.java:63)
at Testcase.testcasecode.generatedstring(testcasecode.java:63)
at Testcase.testcasecode.generatedstring(testcasecode.java:63)
at Testcase.testcasecode.generatedstring(testcasecode.java:63)
at Testcase.testcasecode.generatedstring(testcasecode.java:63)
at Testcase.testcasecode.generatedstring(testcasecode.java:63)
at Testcase.testcasecode.generatedstring(testcasecode.java:63)
at Testcase.testcasecode.generatedstring(testcasecode.java:63)
at Testcase.testcasecode.generatedstring(testcasecode.java:63)
at Testcase.testcasecode.generatedstring(testcasecode.java:63)
at Testcase.testcasecode.generatedstring(testcasecode.java:63)
at Testcase.testcasecode.generatedstring(testcasecode.java:63)
at Testcase.testcasecode.generatedstring(testcasecode.java:63)
at Testcase.testcasecode.generatedstring(testcasecode.java:63)
at Testcase.testcasecode.generatedstring(testcasecode.java:63)
at Testcase.testcasecode.generatedstring(testcasecode.java:63)
at Testcase.testcasecode.generatedstring(testcasecode.java:63)
at Testcase.testcasecode.generatedstring(testcasecode.java:63)
at Testcase.testcasecode.generatedstring(testcasecode.java:63)
at Testcase.testcasecode.generatedstring(testcasecode.java:63)
at Testcase.testcasecode.generatedstring(testcasecode.java:63)
at Testcase.testcasecode.generatedstring(testcasecode.java:63)
at Testcase.testcasecode.generatedstring(testcasecode.java:63)
at Testcase.testcasecode.generatedstring(testcasecode.java:63)
at Testcase.testcasecode.generatedstring(testcasecode.java:63)
at Testcase.testcasecode.generatedstring(testcasecode.java:63)
at Testcase.testcasecode.generatedstring(testcasecode.java:63)
at Testcase.testcasecode.generatedstring(testcasecode.java:63)
at Testcase.testcasecode.generatedstring(testcasecode.java:63)
at Testcase.testcasecode.generatedstring(testcasecode.java:63)
at Testcase.testcasecode.generatedstring(testcasecode.java:63)
at Testcase.testcasecode.generatedstring(testcasecode.java:63)
at Testcase.testcasecode.generatedstring(testcasecode.java:63)
at Testcase.testcasecode.generatedstring(testcasecode.java:63)
at Testcase.testcasecode.generatedstring(testcasecode.java:63)
at Testcase.testcasecode.generatedstring(testcasecode.java:63)
at Testcase.testcasecode.generatedstring(testcasecode.java:63)
at Testcase.testcasecode.generatedstring(testcasecode.java:63)
at Testcase.testcasecode.generatedstring(testcasecode.java:63)
at Testcase.testcasecode.generatedstring(testcasecode.java:63)
at Testcase.testcasecode.generatedstring(testcasecode.java:63)
at Testcase.testcasecode.generatedstring(testcasecode.java:63)
at Testcase.testcasecode.generatedstring(testcasecode.java:63)
at Testcase.testcasecode.generatedstring(testcasecode.java:63)
at Testcase.testcasecode.generatedstring(testcasecode.java:63)
at Testcase.testcasecode.generatedstring(testcasecode.java:63)
at Testcase.testcasecode.generatedstring(testcasecode.java:63)
at Testcase.testcasecode.generatedstring(testcasecode.java:63)
at Testcase.testcasecode.generatedstring(testcasecode.java:63)
at Testcase.testcasecode.generatedstring(testcasecode.java:63)
at Testcase.testcasecode.generatedstring(testcasecode.java:63)
at Testcase.testcasecode.generatedstring(testcasecode.java:63)
at Testcase.testcasecode.generatedstring(testcasecode.java:63)
at Testcase.testcasecode.generatedstring(testcasecode.java:63)
at Testcase.testcasecode.generatedstring(testcasecode.java:63)
at Testcase.testcasecode.generatedstring(testcasecode.java:63)
at Testcase.testcasecode.generatedstring(testcasecode.java:63)
at Testcase.testcasecode.generatedstring(testcasecode.java:63)
at Testcase.testcasecode.generatedstring(testcasecode.java:63)
at Testcase.testcasecode.generatedstring(testcasecode.java:63)
at Testcase.testcasecode.generatedstring(testcasecode.java:63)
at Testcase.testcasecode.generatedstring(testcasecode.java:63)
at Testcase.testcasecode.generatedstring(testcasecode.java:63)
at Testcase.testcasecode.generatedstring(testcasecode.java:63)
at Testcase.testcasecode.generatedstring(testcasecode.java:63)
at Testcase.testcasecode.generatedstring(testcasecode.java:63)
at Testcase.testcasecode.generatedstring(testcasecode.java:63)
at Testcase.testcasecode.generatedstring(testcasecode.java:63)
at Testcase.testcasecode.generatedstring(testcasecode.java:63)
at Testcase.testcasecode.generatedstring(testcasecode.java:63)
at Testcase.testcasecode.generatedstring(testcasecode.java:63)
at Testcase.testcasecode.generatedstring(testcasecode.java:63)
at Testcase.testcasecode.generatedstring(testcasecode.java:63)
at Testcase.testcasecode.generatedstring(testcasecode.java:63)
at Testcase.testcasecode.generatedstring(testcasecode.java:63)
at Testcase.testcasecode.generatedstring(testcasecode.java:63)
at Testcase.testcasecode.generatedstring(testcasecode.java:63)
at Testcase.testcasecode.generatedstring(testcasecode.java:63)
at Testcase.testcasecode.generatedstring(testcasecode.java:63)
at Testcase.testcasecode.generatedstring(testcasecode.java:63)
at Testcase.testcasecode.generatedstring(testcasecode.java:63)
at Testcase.testcasecode.generatedstring(testcasecode.java:63)
at Testcase.testcasecode.generatedstring(testcasecode.java:63)
at Testcase.testcasecode.generatedstring(testcasecode.java:63)
at Testcase.testcasecode.generatedstring(testcasecode.java:63)
at Testcase.testcasecode.generatedstring(testcasecode.java:63)
at Testcase.testcasecode.generatedstring(testcasecode.java:63)
at Testcase.testcasecode.generatedstring(testcasecode.java:63)
at Testcase.testcasecode.generatedstring(testcasecode.java:63)
at Testcase.testcasecode.generatedstring(testcasecode.java:63)
at Testcase.testcasecode.generatedstring(testcasecode.java:63)
at Testcase.testcasecode.generatedstring(testcasecode.java:63)
at Testcase.testcasecode.generatedstring(testcasecode.java:63)
at Testcase.testcasecode.generatedstring(testcasecode.java:63)
at Testcase.testcasecode.generatedstring(testcasecode.java:63)
at Testcase.testcasecode.generatedstring(testcasecode.java:63)
at Testcase.testcasecode.generatedstring(testcasecode.java:63)
at Testcase.testcasecode.generatedstring(testcasecode.java:63)
at Testcase.testcasecode.generatedstring(testcasecode.java:63)
at Testcase.testcasecode.generatedstring(testcasecode.java:63)
at Testcase.testcasecode.generatedstring(testcasecode.java:63)
at Testcase.testcasecode.generatedstring(testcasecode.java:63)
at Testcase.testcasecode.generatedstring(testcasecode.java:63)
at Testcase.testcasecode.generatedstring(testcasecode.java:63)
at Testcase.testcasecode.generatedstring(testcasecode.java:63)
at Testcase.testcasecode.generatedstring(testcasecode.java:63)
at Testcase.testcasecode.generatedstring(testcasecode.java:63)
at Testcase.testcasecode.generatedstring(testcasecode.java:63)
at Testcase.testcasecode.generatedstring(testcasecode.java:63)
at Testcase.testcasecode.generatedstring(testcasecode.java:63)
at Testcase.testcasecode.generatedstring(testcasecode.java:63)
at Testcase.testcasecode.generatedstring(testcasecode.java:63)
at Testcase.testcasecode.generatedstring(testcasecode.java:63)
at Testcase.testcasecode.generatedstring(testcasecode.java:63)
at Testcase.testcasecode.generatedstring(testcasecode.java:63)
at Testcase.testcasecode.generatedstring(testcasecode.java:63)
at Testcase.testcasecode.generatedstring(testcasecode.java:63)
at Testcase.testcasecode.generatedstring(testcasecode.java:63)
at Testcase.testcasecode.generatedstring(testcasecode.java:63)
at Testcase.testcasecode.generatedstring(testcasecode.java:63)
at Testcase.testcasecode.generatedstring(testcasecode.java:63)
at Testcase.testcasecode.generatedstring(testcasecode.java:63)
at Testcase.testcasecode.generatedstring(testcasecode.java:63)
at Testcase.testcasecode.generatedstring(testcasecode.java:63)
at Testcase.testcasecode.generatedstring(testcasecode.java:63)
at Testcase.testcasecode.generatedstring(testcasecode.java:63)
at Testcase.testcasecode.generatedstring(testcasecode.java:63)
at Testcase.testcasecode.generatedstring(testcasecode.java:63)
at Testcase.testcasecode.generatedstring(testcasecode.java:63)
at Testcase.testcasecode.generatedstring(testcasecode.java:63)
at Testcase.testcasecode.generatedstring(testcasecode.java:63)
at Testcase.testcasecode.generatedstring(testcasecode.java:63)
at Testcase.testcasecode.generatedstring(testcasecode.java:63)
at Testcase.testcasecode.generatedstring(testcasecode.java:63)
at Testcase.testcasecode.generatedstring(testcasecode.java:63)
at Testcase.testcasecode.generatedstring(testcasecode.java:63)
at Testcase.testcasecode.generatedstring(testcasecode.java:63)
at Testcase.testcasecode.generatedstring(testcasecode.java:63)
at Testcase.testcasecode.generatedstring(testcasecode.java:63)
at Testcase.testcasecode.generatedstring(testcasecode.java:63)
at Testcase.testcasecode.generatedstring(testcasecode.java:63)
at Testcase.testcasecode.generatedstring(testcasecode.java:63)
at Testcase.testcasecode.generatedstring(testcasecode.java:63)
at Testcase.testcasecode.generatedstring(testcasecode.java:63)
at Testcase.testcasecode.generatedstring(testcasecode.java:63)
at Testcase.testcasecode.generatedstring(testcasecode.java:63)
at Testcase.testcasecode.generatedstring(testcasecode.java:63)
at Testcase.testcasecode.generatedstring(testcasecode.java:63)
at Testcase.testcasecode.generatedstring(testcasecode.java:63)
at Testcase.testcasecode.generatedstring(testcasecode.java:63)
at Testcase.testcasecode.generatedstring(testcasecode.java:63)
at Testcase.testcasecode.generatedstring(testcasecode.java:63)
at Testcase.testcasecode.generatedstring(testcasecode.java:63)
at Testcase.testcasecode.generatedstring(testcasecode.java:63)
at Testcase.testcasecode.generatedstring(testcasecode.java:63)
at Testcase.testcasecode.generatedstring(testcasecode.java:63)
at Testcase.testcasecode.generatedstring(testcasecode.java:63)
at Testcase.testcasecode.generatedstring(testcasecode.java:63)
at Testcase.testcasecode.generatedstring(testcasecode.java:63)
at Testcase.testcasecode.generatedstring(testcasecode.java:63)
at Testcase.testcasecode.generatedstring(testcasecode.java:63)
at Testcase.testcasecode.generatedstring(testcasecode.java:63)
at Testcase.testcasecode.generatedstring(testcasecode.java:63)
at Testcase.testcasecode.generatedstring(testcasecode.java:63)
at Testcase.testcasecode.generatedstring(testcasecode.java:63)
at Testcase.testcasecode.generatedstring(testcasecode.java:63)
at Testcase.testcasecode.generatedstring(testcasecode.java:63)
at Testcase.testcasecode.generatedstring(testcasecode.java:63)
at Testcase.testcasecode.generatedstring(testcasecode.java:63)
at Testcase.testcasecode.generatedstring(testcasecode.java:63)
at Testcase.testcasecode.generatedstring(testcasecode.java:63)
at Testcase.testcasecode.generatedstring(testcasecode.java:63)
at Testcase.testcasecode.generatedstring(testcasecode.java:63)
at Testcase.testcasecode.generatedstring(testcasecode.java:63)
at Testcase.testcasecode.generatedstring(testcasecode.java:63)
at Testcase.testcasecode.generatedstring(testcasecode.java:63)
at Testcase.testcasecode.generatedstring(testcasecode.java:63)
at Testcase.testcasecode.generatedstring(testcasecode.java:63)
at Testcase.testcasecode.generatedstring(testcasecode.java:63)
at Testcase.testcasecode.generatedstring(testcasecode.java:63)
at Testcase.testcasecode.generatedstring(testcasecode.java:63)
at Testcase.testcasecode.generatedstring(testcasecode.java:63)
at Testcase.testcasecode.generatedstring(testcasecode.java:63)
at Testcase.testcasecode.generatedstring(testcasecode.java:63)
at Testcase.testcasecode.generatedstring(testcasecode.java:63)
at Testcase.testcasecode.generatedstring(testcasecode.java:63)
at Testcase.testcasecode.generatedstring(testcasecode.java:63)
at Testcase.testcasecode.generatedstring(testcasecode.java:63)
at Testcase.testcasecode.generatedstring(testcasecode.java:63)
at Testcase.testcasecode.generatedstring(testcasecode.java:63)
at Testcase.testcasecode.generatedstring(testcasecode.java:63)
at Testcase.testcasecode.generatedstring(testcasecode.java:63)
at Testcase.testcasecode.generatedstring(testcasecode.java:63)
at Testcase.testcasecode.generatedstring(testcasecode.java:63)
at Testcase.testcasecode.generatedstring(testcasecode.java:63)
at Testcase.testcasecode.generatedstring(testcasecode.java:63)
at Testcase.testcasecode.generatedstring(testcasecode.java:63)
at Testcase.testcasecode.generatedstring(testcasecode.java:63)
at Testcase.testcasecode.generatedstring(testcasecode.java:63)
at Testcase.testcasecode.generatedstring(testcasecode.java:63)
at Testcase.testcasecode.generatedstring(testcasecode.java:63)
at Testcase.testcasecode.generatedstring(testcasecode.java:63)
at Testcase.testcasecode.generatedstring(testcasecode.java:63)
at Testcase.testcasecode.generatedstring(testcasecode.java:63)
at Testcase.testcasecode.generatedstring(testcasecode.java:63)
at Testcase.testcasecode.generatedstring(testcasecode.java:63)
at Testcase.testcasecode.generatedstring(testcasecode.java:63)
at Testcase.testcasecode.generatedstring(testcasecode.java:63)
at Testcase.testcasecode.generatedstring(testcasecode.java:63)
at Testcase.testcasecode.generatedstring(testcasecode.java:63)
at Testcase.testcasecode.generatedstring(testcasecode.java:63)
at Testcase.testcasecode.generatedstring(testcasecode.java:63)
at Testcase.testcasecode.generatedstring(testcasecode.java:63)
at Testcase.testcasecode.generatedstring(testcasecode.java:63)
at Testcase.testcasecode.generatedstring(testcasecode.java:63)
at Testcase.testcasecode.generatedstring(testcasecode.java:63)
at Testcase.testcasecode.generatedstring(testcasecode.java:63)
at Testcase.testcasecode.generatedstring(testcasecode.java:63)
at Testcase.testcasecode.generatedstring(testcasecode.java:63)
at Testcase.testcasecode.generatedstring(testcasecode.java:63)
at Testcase.testcasecode.generatedstring(testcasecode.java:63)
at Testcase.testcasecode.generatedstring(testcasecode.java:63)
at Testcase.testcasecode.generatedstring(testcasecode.java:63)
at Testcase.testcasecode.generatedstring(testcasecode.java:63)
at Testcase.testcasecode.generatedstring(testcasecode.java:63)
at Testcase.testcasecode.generatedstring(testcasecode.java:63)
at Testcase.testcasecode.generatedstring(testcasecode.java:63)
at Testcase.testcasecode.generatedstring(testcasecode.java:63)
at Testcase.testcasecode.generatedstring(testcasecode.java:63)
at Testcase.testcasecode.generatedstring(testcasecode.java:63)
at Testcase.testcasecode.generatedstring(testcasecode.java:63)
at Testcase.testcasecode.generatedstring(testcasecode.java:63)
at Testcase.testcasecode.generatedstring(testcasecode.java:63)
at Testcase.testcasecode.generatedstring(testcasecode.java:63)
at Testcase.testcasecode.generatedstring(testcasecode.java:63)
at Testcase.testcasecode.generatedstring(testcasecode.java:63)
at Testcase.testcasecode.generatedstring(testcasecode.java:63)
at Testcase.testcasecode.generatedstring(testcasecode.java:63)
at Testcase.testcasecode.generatedstring(testcasecode.java:63)
at Testcase.testcasecode.generatedstring(testcasecode.java:63)
at Testcase.testcasecode.generatedstring(testcasecode.java:63)
at Testcase.testcasecode.generatedstring(testcasecode.java:63)
at Testcase.testcasecode.generatedstring(testcasecode.java:63)
at Testcase.testcasecode.generatedstring(testcasecode.java:63)
at Testcase.testcasecode.generatedstring(testcasecode.java:63)
at Testcase.testcasecode.generatedstring(testcasecode.java:63)
at Testcase.testcasecode.generatedstring(testcasecode.java:63)
at Testcase.testcasecode.generatedstring(testcasecode.java:63)
at Testcase.testcasecode.generatedstring(testcasecode.java:63)
at Testcase.testcasecode.generatedstring(testcasecode.java:63)
at Testcase.testcasecode.generatedstring(testcasecode.java:63)
at Testcase.testcasecode.generatedstring(testcasecode.java:63)
at Testcase.testcasecode.generatedstring(testcasecode.java:63)
at Testcase.testcasecode.generatedstring(testcasecode.java:63)
at Testcase.testcasecode.generatedstring(testcasecode.java:63)
at Testcase.testcasecode.generatedstring(testcasecode.java:63)
at Testcase.testcasecode.generatedstring(testcasecode.java:63)
at Testcase.testcasecode.generatedstring(testcasecode.java:63)
at Testcase.testcasecode.generatedstring(testcasecode.java:63)
at Testcase.testcasecode.generatedstring(testcasecode.java:63)
at Testcase.testcasecode.generatedstring(testcasecode.java:63)
at Testcase.testcasecode.generatedstring(testcasecode.java:63)
at Testcase.testcasecode.generatedstring(testcasecode.java:63)
at Testcase.testcasecode.generatedstring(testcasecode.java:63)
at Testcase.testcasecode.generatedstring(testcasecode.java:63)
at Testcase.testcasecode.generatedstring(testcasecode.java:63)
at Testcase.testcasecode.generatedstring(testcasecode.java:63)
at Testcase.testcasecode.generatedstring(testcasecode.java:63)
at Testcase.testcasecode.generatedstring(testcasecode.java:63)
at Testcase.testcasecode.generatedstring(testcasecode.java:63)
at Testcase.testcasecode.generatedstring(testcasecode.java:63)
at Testcase.testcasecode.generatedstring(testcasecode.java:63)
at Testcase.testcasecode.generatedstring(testcasecode.java:63)
at Testcase.testcasecode.generatedstring(testcasecode.java:63)
at Testcase.testcasecode.generatedstring(testcasecode.java:63)
at Testcase.testcasecode.generatedstring(testcasecode.java:63)
at Testcase.testcasecode.generatedstring(testcasecode.java:63)
at Testcase.testcasecode.generatedstring(testcasecode.java:63)
at Testcase.testcasecode.generatedstring(testcasecode.java:63)
at Testcase.testcasecode.generatedstring(testcasecode.java:63)
at Testcase.testcasecode.generatedstring(testcasecode.java:63)
at Testcase.testcasecode.generatedstring(testcasecode.java:63)
at Testcase.testcasecode.generatedstring(testcasecode.java:63)
at Testcase.testcasecode.generatedstring(testcasecode.java:63)
at Testcase.testcasecode.generatedstring(testcasecode.java:63)
at Testcase.testcasecode.generatedstring(testcasecode.java:63)
at Testcase.testcasecode.generatedstring(testcasecode.java:63)
at Testcase.testcasecode.generatedstring(testcasecode.java:63)
at Testcase.testcasecode.generatedstring(testcasecode.java:63)
at Testcase.testcasecode.generatedstring(testcasecode.java:63)
at Testcase.testcasecode.generatedstring(testcasecode.java:63)
at Testcase.testcasecode.generatedstring(testcasecode.java:63)
at Testcase.testcasecode.generatedstring(testcasecode.java:63)
at Testcase.testcasecode.generatedstring(testcasecode.java:63)
at Testcase.testcasecode.generatedstring(testcasecode.java:63)
at Testcase.testcasecode.generatedstring(testcasecode.java:63)
at Testcase.testcasecode.generatedstring(testcasecode.java:63)
at Testcase.testcasecode.generatedstring(testcasecode.java:63)
at Testcase.testcasecode.generatedstring(testcasecode.java:63)
at Testcase.testcasecode.generatedstring(testcasecode.java:63)
at Testcase.testcasecode.generatedstring(testcasecode.java:63)
at Testcase.testcasecode.generatedstring(testcasecode.java:63)
at Testcase.testcasecode.generatedstring(testcasecode.java:63)
at Testcase.testcasecode.generatedstring(testcasecode.java:63)
at Testcase.testcasecode.generatedstring(testcasecode.java:63)
at Testcase.testcasecode.generatedstring(testcasecode.java:63)
at Testcase.testcasecode.generatedstring(testcasecode.java:63)
at Testcase.testcasecode.generatedstring(testcasecode.java:63)
at Testcase.testcasecode.generatedstring(testcasecode.java:63)
at Testcase.testcasecode.generatedstring(testcasecode.java:63)
at Testcase.testcasecode.generatedstring(testcasecode.java:63)
at Testcase.testcasecode.generatedstring(testcasecode.java:63)
at Testcase.testcasecode.generatedstring(testcasecode.java:63)
at Testcase.testcasecode.generatedstring(testcasecode.java:63)
at Testcase.testcasecode.generatedstring(testcasecode.java:63)
at Testcase.testcasecode.generatedstring(testcasecode.java:63)
at Testcase.testcasecode.generatedstring(testcasecode.java:63)
at Testcase.testcasecode.generatedstring(testcasecode.java:63)
at Testcase.testcasecode.generatedstring(testcasecode.java:63)
at Testcase.testcasecode.generatedstring(testcasecode.java:63)
at Testcase.testcasecode.generatedstring(testcasecode.java:63)
at Testcase.testcasecode.generatedstring(testcasecode.java:63)
at Testcase.testcasecode.generatedstring(testcasecode.java:63)
at Testcase.testcasecode.generatedstring(testcasecode.java:63)
at Testcase.testcasecode.generatedstring(testcasecode.java:63)
at Testcase.testcasecode.generatedstring(testcasecode.java:63)
at Testcase.testcasecode.generatedstring(testcasecode.java:63)
at Testcase.testcasecode.generatedstring(testcasecode.java:63)
at Testcase.testcasecode.generatedstring(testcasecode.java:63)
at Testcase.testcasecode.generatedstring(testcasecode.java:63)
at Testcase.testcasecode.generatedstring(testcasecode.java:63)
at Testcase.testcasecode.generatedstring(testcasecode.java:63)
at Testcase.testcasecode.generatedstring(testcasecode.java:63)
at Testcase.testcasecode.generatedstring(testcasecode.java:63)
at Testcase.testcasecode.generatedstring(testcasecode.java:63)
at Testcase.testcasecode.generatedstring(testcasecode.java:63)
at Testcase.testcasecode.generatedstring(testcasecode.java:63)
at Testcase.testcasecode.generatedstring(testcasecode.java:63)
at Testcase.testcasecode.generatedstring(testcasecode.java:63)
at Testcase.testcasecode.generatedstring(testcasecode.java:63)
at Testcase.testcasecode.generatedstring(testcasecode.java:63)
at Testcase.testcasecode.generatedstring(testcasecode.java:63)
at Testcase.testcasecode.generatedstring(testcasecode.java:63)
at Testcase.testcasecode.generatedstring(testcasecode.java:63)
at Testcase.testcasecode.generatedstring(testcasecode.java:63)
at Testcase.testcasecode.generatedstring(testcasecode.java:63)
at Testcase.testcasecode.generatedstring(testcasecode.java:63)
at Testcase.testcasecode.generatedstring(testcasecode.java:63)
at Testcase.testcasecode.generatedstring(testcasecode.java:63)
at Testcase.testcasecode.generatedstring(testcasecode.java:63)
at Testcase.testcasecode.generatedstring(testcasecode.java:63)
at Testcase.testcasecode.generatedstring(testcasecode.java:63)
at Testcase.testcasecode.generatedstring(testcasecode.java:63)
at Testcase.testcasecode.generatedstring(testcasecode.java:63)
at Testcase.testcasecode.generatedstring(testcasecode.java:63)
at Testcase.testcasecode.generatedstring(testcasecode.java:63)
at Testcase.testcasecode.generatedstring(testcasecode.java:63)
at Testcase.testcasecode.generatedstring(testcasecode.java:63)
at Testcase.testcasecode.generatedstring(testcasecode.java:63)
at Testcase.testcasecode.generatedstring(testcasecode.java:63)
at Testcase.testcasecode.generatedstring(testcasecode.java:63)
at Testcase.testcasecode.generatedstring(testcasecode.java:63)
at Testcase.testcasecode.generatedstring(testcasecode.java:63)
at Testcase.testcasecode.generatedstring(testcasecode.java:63)
at Testcase.testcasecode.generatedstring(testcasecode.java:63)
at Testcase.testcasecode.generatedstring(testcasecode.java:63)
at Testcase.testcasecode.generatedstring(testcasecode.java:63)
at Testcase.testcasecode.generatedstring(testcasecode.java:63)
at Testcase.testcasecode.generatedstring(testcasecode.java:63)
at Testcase.testcasecode.generatedstring(testcasecode.java:63)
at Testcase.testcasecode.generatedstring(testcasecode.java:63)
at Testcase.testcasecode.generatedstring(testcasecode.java:63)
at Testcase.testcasecode.generatedstring(testcasecode.java:63)
at Testcase.testcasecode.generatedstring(testcasecode.java:63)
at Testcase.testcasecode.generatedstring(testcasecode.java:63)
at Testcase.testcasecode.generatedstring(testcasecode.java:63)
at Testcase.testcasecode.generatedstring(testcasecode.java:63)
at Testcase.testcasecode.generatedstring(testcasecode.java:63)
at Testcase.testcasecode.generatedstring(testcasecode.java:63)
at Testcase.testcasecode.generatedstring(testcasecode.java:63)
at Testcase.testcasecode.generatedstring(testcasecode.java:63)
at Testcase.testcasecode.generatedstring(testcasecode.java:63)
at Testcase.testcasecode.generatedstring(testcasecode.java:63)
at Testcase.testcasecode.generatedstring(testcasecode.java:63)
]]>
    </failure>
  </testcase> <!-- page1 -->
</testsuite> <!-- Default test -->
