<?xml version="1.0" encoding="UTF-8"?>
<testng-results ignored="0" total="1" passed="0" failed="1" skipped="0">
  <reporter-output>
  </reporter-output>
  <suite started-at="2025-02-12T13:27:24 IST" name="Default suite" finished-at="2025-02-12T13:27:28 IST" duration-ms="3682">
    <groups>
    </groups>
    <test started-at="2025-02-12T13:27:24 IST" name="Default test" finished-at="2025-02-12T13:27:28 IST" duration-ms="3682">
      <class name="Testcase.testcasecode">
        <test-method is-config="true" signature="setup()[pri:0, instance:Testcase.testcasecode@62379589]" started-at="2025-02-12T13:27:24 IST" name="setup" finished-at="2025-02-12T13:27:27 IST" duration-ms="2449" status="PASS">
          <reporter-output>
          </reporter-output>
        </test-method> <!-- setup -->
        <test-method signature="page1()[pri:0, instance:Testcase.testcasecode@62379589]" started-at="2025-02-12T13:27:27 IST" name="page1" finished-at="2025-02-12T13:27:28 IST" duration-ms="833" status="FAIL">
          <exception class="java.lang.StackOverflowError">
            <full-stacktrace>
              <![CDATA[java.lang.StackOverflowError
at Testcase.testcasecode.generatedstring(testcasecode.java:63)
at Testcase.testcasecode.generatedstring(testcasecode.java:63)
at Testcase.testcasecode.generatedstring(testcasecode.java:63)
at Testcase.testcasecode.generatedstring(testcasecode.java:63)
at Testcase.testcasecode.generatedstring(testcasecode.java:63)
at Testcase.testcasecode.generatedstring(testcasecode.java:63)
at Testcase.testcasecode.generatedstring(testcasecode.java:63)
at Testcase.testcasecode.generatedstring(testcasecode.java:63)
at Testcase.testcasecode.generatedstring(testcasecode.java:63)
at Testcase.testcasecode.generatedstring(testcasecode.java:63)
at Testcase.testcasecode.generatedstring(testcasecode.java:63)
at Testcase.testcasecode.generatedstring(testcasecode.java:63)
at Testcase.testcasecode.generatedstring(testcasecode.java:63)
at Testcase.testcasecode.generatedstring(testcasecode.java:63)
at Testcase.testcasecode.generatedstring(testcasecode.java:63)
at Testcase.testcasecode.generatedstring(testcasecode.java:63)
at Testcase.testcasecode.generatedstring(testcasecode.java:63)
at Testcase.testcasecode.generatedstring(testcasecode.java:63)
at Testcase.testcasecode.generatedstring(testcasecode.java:63)
at Testcase.testcasecode.generatedstring(testcasecode.java:63)
at Testcase.testcasecode.generatedstring(testcasecode.java:63)
at Testcase.testcasecode.generatedstring(testcasecode.java:63)
at Testcase.testcasecode.generatedstring(testcasecode.java:63)
at Testcase.testcasecode.generatedstring(testcasecode.java:63)
at Testcase.testcasecode.generatedstring(testcasecode.java:63)
at Testcase.testcasecode.generatedstring(testcasecode.java:63)
at Testcase.testcasecode.generatedstring(testcasecode.java:63)
at Testcase.testcasecode.generatedstring(testcasecode.java:63)
at Testcase.testcasecode.generatedstring(testcasecode.java:63)
at Testcase.testcasecode.generatedstring(testcasecode.java:63)
at Testcase.testcasecode.generatedstring(testcasecode.java:63)
at Testcase.testcasecode.generatedstring(testcasecode.java:63)
at Testcase.testcasecode.generatedstring(testcasecode.java:63)
at Testcase.testcasecode.generatedstring(testcasecode.java:63)
at Testcase.testcasecode.generatedstring(testcasecode.java:63)
at Testcase.testcasecode.generatedstring(testcasecode.java:63)
at Testcase.testcasecode.generatedstring(testcasecode.java:63)
at Testcase.testcasecode.generatedstring(testcasecode.java:63)
at Testcase.testcasecode.generatedstring(testcasecode.java:63)
at Testcase.testcasecode.generatedstring(testcasecode.java:63)
at Testcase.testcasecode.generatedstring(testcasecode.java:63)
at Testcase.testcasecode.generatedstring(testcasecode.java:63)
at Testcase.testcasecode.generatedstring(testcasecode.java:63)
at Testcase.testcasecode.generatedstring(testcasecode.java:63)
at Testcase.testcasecode.generatedstring(testcasecode.java:63)
at Testcase.testcasecode.generatedstring(testcasecode.java:63)
at Testcase.testcasecode.generatedstring(testcasecode.java:63)
at Testcase.testcasecode.generatedstring(testcasecode.java:63)
at Testcase.testcasecode.generatedstring(testcasecode.java:63)
at Testcase.testcasecode.generatedstring(testcasecode.java:63)
at Testcase.testcasecode.generatedstring(testcasecode.java:63)
at Testcase.testcasecode.generatedstring(testcasecode.java:63)
at Testcase.testcasecode.generatedstring(testcasecode.java:63)
at Testcase.testcasecode.generatedstring(testcasecode.java:63)
at Testcase.testcasecode.generatedstring(testcasecode.java:63)
at Testcase.testcasecode.generatedstring(testcasecode.java:63)
at Testcase.testcasecode.generatedstring(testcasecode.java:63)
at Testcase.testcasecode.generatedstring(testcasecode.java:63)
at Testcase.testcasecode.generatedstring(testcasecode.java:63)
at Testcase.testcasecode.generatedstring(testcasecode.java:63)
at Testcase.testcasecode.generatedstring(testcasecode.java:63)
at Testcase.testcasecode.generatedstring(testcasecode.java:63)
at Testcase.testcasecode.generatedstring(testcasecode.java:63)
at Testcase.testcasecode.generatedstring(testcasecode.java:63)
at Testcase.testcasecode.generatedstring(testcasecode.java:63)
at Testcase.testcasecode.generatedstring(testcasecode.java:63)
at Testcase.testcasecode.generatedstring(testcasecode.java:63)
at Testcase.testcasecode.generatedstring(testcasecode.java:63)
at Testcase.testcasecode.generatedstring(testcasecode.java:63)
at Testcase.testcasecode.generatedstring(testcasecode.java:63)
at Testcase.testcasecode.generatedstring(testcasecode.java:63)
at Testcase.testcasecode.generatedstring(testcasecode.java:63)
at Testcase.testcasecode.generatedstring(testcasecode.java:63)
at Testcase.testcasecode.generatedstring(testcasecode.java:63)
at Testcase.testcasecode.generatedstring(testcasecode.java:63)
at Testcase.testcasecode.generatedstring(testcasecode.java:63)
at Testcase.testcasecode.generatedstring(testcasecode.java:63)
at Testcase.testcasecode.generatedstring(testcasecode.java:63)
at Testcase.testcasecode.generatedstring(testcasecode.java:63)
at Testcase.testcasecode.generatedstring(testcasecode.java:63)
at Testcase.testcasecode.generatedstring(testcasecode.java:63)
at Testcase.testcasecode.generatedstring(testcasecode.java:63)
at Testcase.testcasecode.generatedstring(testcasecode.java:63)
at Testcase.testcasecode.generatedstring(testcasecode.java:63)
at Testcase.testcasecode.generatedstring(testcasecode.java:63)
at Testcase.testcasecode.generatedstring(testcasecode.java:63)
at Testcase.testcasecode.generatedstring(testcasecode.java:63)
at Testcase.testcasecode.generatedstring(testcasecode.java:63)
at Testcase.testcasecode.generatedstring(testcasecode.java:63)
at Testcase.testcasecode.generatedstring(testcasecode.java:63)
at Testcase.testcasecode.generatedstring(testcasecode.java:63)
at Testcase.testcasecode.generatedstring(testcasecode.java:63)
at Testcase.testcasecode.generatedstring(testcasecode.java:63)
at Testcase.testcasecode.generatedstring(testcasecode.java:63)
at Testcase.testcasecode.generatedstring(testcasecode.java:63)
at Testcase.testcasecode.generatedstring(testcasecode.java:63)
at Testcase.testcasecode.generatedstring(testcasecode.java:63)
at Testcase.testcasecode.generatedstring(testcasecode.java:63)
at Testcase.testcasecode.generatedstring(testcasecode.java:63)
at Testcase.testcasecode.generatedstring(testcasecode.java:63)
at Testcase.testcasecode.generatedstring(testcasecode.java:63)
at Testcase.testcasecode.generatedstring(testcasecode.java:63)
at Testcase.testcasecode.generatedstring(testcasecode.java:63)
at Testcase.testcasecode.generatedstring(testcasecode.java:63)
at Testcase.testcasecode.generatedstring(testcasecode.java:63)
at Testcase.testcasecode.generatedstring(testcasecode.java:63)
at Testcase.testcasecode.generatedstring(testcasecode.java:63)
at Testcase.testcasecode.generatedstring(testcasecode.java:63)
at Testcase.testcasecode.generatedstring(testcasecode.java:63)
at Testcase.testcasecode.generatedstring(testcasecode.java:63)
at Testcase.testcasecode.generatedstring(testcasecode.java:63)
at Testcase.testcasecode.generatedstring(testcasecode.java:63)
at Testcase.testcasecode.generatedstring(testcasecode.java:63)
at Testcase.testcasecode.generatedstring(testcasecode.java:63)
at Testcase.testcasecode.generatedstring(testcasecode.java:63)
at Testcase.testcasecode.generatedstring(testcasecode.java:63)
at Testcase.testcasecode.generatedstring(testcasecode.java:63)
at Testcase.testcasecode.generatedstring(testcasecode.java:63)
at Testcase.testcasecode.generatedstring(testcasecode.java:63)
at Testcase.testcasecode.generatedstring(testcasecode.java:63)
at Testcase.testcasecode.generatedstring(testcasecode.java:63)
at Testcase.testcasecode.generatedstring(testcasecode.java:63)
at Testcase.testcasecode.generatedstring(testcasecode.java:63)
at Testcase.testcasecode.generatedstring(testcasecode.java:63)
at Testcase.testcasecode.generatedstring(testcasecode.java:63)
at Testcase.testcasecode.generatedstring(testcasecode.java:63)
at Testcase.testcasecode.generatedstring(testcasecode.java:63)
at Testcase.testcasecode.generatedstring(testcasecode.java:63)
at Testcase.testcasecode.generatedstring(testcasecode.java:63)
at Testcase.testcasecode.generatedstring(testcasecode.java:63)
at Testcase.testcasecode.generatedstring(testcasecode.java:63)
at Testcase.testcasecode.generatedstring(testcasecode.java:63)
at Testcase.testcasecode.generatedstring(testcasecode.java:63)
at Testcase.testcasecode.generatedstring(testcasecode.java:63)
at Testcase.testcasecode.generatedstring(testcasecode.java:63)
at Testcase.testcasecode.generatedstring(testcasecode.java:63)
at Testcase.testcasecode.generatedstring(testcasecode.java:63)
at Testcase.testcasecode.generatedstring(testcasecode.java:63)
at Testcase.testcasecode.generatedstring(testcasecode.java:63)
at Testcase.testcasecode.generatedstring(testcasecode.java:63)
at Testcase.testcasecode.generatedstring(testcasecode.java:63)
at Testcase.testcasecode.generatedstring(testcasecode.java:63)
at Testcase.testcasecode.generatedstring(testcasecode.java:63)
at Testcase.testcasecode.generatedstring(testcasecode.java:63)
at Testcase.testcasecode.generatedstring(testcasecode.java:63)
at Testcase.testcasecode.generatedstring(testcasecode.java:63)
at Testcase.testcasecode.generatedstring(testcasecode.java:63)
at Testcase.testcasecode.generatedstring(testcasecode.java:63)
at Testcase.testcasecode.generatedstring(testcasecode.java:63)
at Testcase.testcasecode.generatedstring(testcasecode.java:63)
at Testcase.testcasecode.generatedstring(testcasecode.java:63)
at Testcase.testcasecode.generatedstring(testcasecode.java:63)
at Testcase.testcasecode.generatedstring(testcasecode.java:63)
at Testcase.testcasecode.generatedstring(testcasecode.java:63)
at Testcase.testcasecode.generatedstring(testcasecode.java:63)
at Testcase.testcasecode.generatedstring(testcasecode.java:63)
at Testcase.testcasecode.generatedstring(testcasecode.java:63)
at Testcase.testcasecode.generatedstring(testcasecode.java:63)
at Testcase.testcasecode.generatedstring(testcasecode.java:63)
at Testcase.testcasecode.generatedstring(testcasecode.java:63)
at Testcase.testcasecode.generatedstring(testcasecode.java:63)
at Testcase.testcasecode.generatedstring(testcasecode.java:63)
at Testcase.testcasecode.generatedstring(testcasecode.java:63)
at Testcase.testcasecode.generatedstring(testcasecode.java:63)
at Testcase.testcasecode.generatedstring(testcasecode.java:63)
at Testcase.testcasecode.generatedstring(testcasecode.java:63)
at Testcase.testcasecode.generatedstring(testcasecode.java:63)
at Testcase.testcasecode.generatedstring(testcasecode.java:63)
at Testcase.testcasecode.generatedstring(testcasecode.java:63)
at Testcase.testcasecode.generatedstring(testcasecode.java:63)
at Testcase.testcasecode.generatedstring(testcasecode.java:63)
at Testcase.testcasecode.generatedstring(testcasecode.java:63)
at Testcase.testcasecode.generatedstring(testcasecode.java:63)
at Testcase.testcasecode.generatedstring(testcasecode.java:63)
at Testcase.testcasecode.generatedstring(testcasecode.java:63)
at Testcase.testcasecode.generatedstring(testcasecode.java:63)
at Testcase.testcasecode.generatedstring(testcasecode.java:63)
at Testcase.testcasecode.generatedstring(testcasecode.java:63)
at Testcase.testcasecode.generatedstring(testcasecode.java:63)
at Testcase.testcasecode.generatedstring(testcasecode.java:63)
at Testcase.testcasecode.generatedstring(testcasecode.java:63)
at Testcase.testcasecode.generatedstring(testcasecode.java:63)
at Testcase.testcasecode.generatedstring(testcasecode.java:63)
at Testcase.testcasecode.generatedstring(testcasecode.java:63)
at Testcase.testcasecode.generatedstring(testcasecode.java:63)
at Testcase.testcasecode.generatedstring(testcasecode.java:63)
at Testcase.testcasecode.generatedstring(testcasecode.java:63)
at Testcase.testcasecode.generatedstring(testcasecode.java:63)
at Testcase.testcasecode.generatedstring(testcasecode.java:63)
at Testcase.testcasecode.generatedstring(testcasecode.java:63)
at Testcase.testcasecode.generatedstring(testcasecode.java:63)
at Testcase.testcasecode.generatedstring(testcasecode.java:63)
at Testcase.testcasecode.generatedstring(testcasecode.java:63)
at Testcase.testcasecode.generatedstring(testcasecode.java:63)
at Testcase.testcasecode.generatedstring(testcasecode.java:63)
at Testcase.testcasecode.generatedstring(testcasecode.java:63)
at Testcase.testcasecode.generatedstring(testcasecode.java:63)
at Testcase.testcasecode.generatedstring(testcasecode.java:63)
at Testcase.testcasecode.generatedstring(testcasecode.java:63)
at Testcase.testcasecode.generatedstring(testcasecode.java:63)
at Testcase.testcasecode.generatedstring(testcasecode.java:63)
at Testcase.testcasecode.generatedstring(testcasecode.java:63)
at Testcase.testcasecode.generatedstring(testcasecode.java:63)
at Testcase.testcasecode.generatedstring(testcasecode.java:63)
at Testcase.testcasecode.generatedstring(testcasecode.java:63)
at Testcase.testcasecode.generatedstring(testcasecode.java:63)
at Testcase.testcasecode.generatedstring(testcasecode.java:63)
at Testcase.testcasecode.generatedstring(testcasecode.java:63)
at Testcase.testcasecode.generatedstring(testcasecode.java:63)
at Testcase.testcasecode.generatedstring(testcasecode.java:63)
at Testcase.testcasecode.generatedstring(testcasecode.java:63)
at Testcase.testcasecode.generatedstring(testcasecode.java:63)
at Testcase.testcasecode.generatedstring(testcasecode.java:63)
at Testcase.testcasecode.generatedstring(testcasecode.java:63)
at Testcase.testcasecode.generatedstring(testcasecode.java:63)
at Testcase.testcasecode.generatedstring(testcasecode.java:63)
at Testcase.testcasecode.generatedstring(testcasecode.java:63)
at Testcase.testcasecode.generatedstring(testcasecode.java:63)
at Testcase.testcasecode.generatedstring(testcasecode.java:63)
at Testcase.testcasecode.generatedstring(testcasecode.java:63)
at Testcase.testcasecode.generatedstring(testcasecode.java:63)
at Testcase.testcasecode.generatedstring(testcasecode.java:63)
at Testcase.testcasecode.generatedstring(testcasecode.java:63)
at Testcase.testcasecode.generatedstring(testcasecode.java:63)
at Testcase.testcasecode.generatedstring(testcasecode.java:63)
at Testcase.testcasecode.generatedstring(testcasecode.java:63)
at Testcase.testcasecode.generatedstring(testcasecode.java:63)
at Testcase.testcasecode.generatedstring(testcasecode.java:63)
at Testcase.testcasecode.generatedstring(testcasecode.java:63)
at Testcase.testcasecode.generatedstring(testcasecode.java:63)
at Testcase.testcasecode.generatedstring(testcasecode.java:63)
at Testcase.testcasecode.generatedstring(testcasecode.java:63)
at Testcase.testcasecode.generatedstring(testcasecode.java:63)
at Testcase.testcasecode.generatedstring(testcasecode.java:63)
at Testcase.testcasecode.generatedstring(testcasecode.java:63)
at Testcase.testcasecode.generatedstring(testcasecode.java:63)
at Testcase.testcasecode.generatedstring(testcasecode.java:63)
at Testcase.testcasecode.generatedstring(testcasecode.java:63)
at Testcase.testcasecode.generatedstring(testcasecode.java:63)
at Testcase.testcasecode.generatedstring(testcasecode.java:63)
at Testcase.testcasecode.generatedstring(testcasecode.java:63)
at Testcase.testcasecode.generatedstring(testcasecode.java:63)
at Testcase.testcasecode.generatedstring(testcasecode.java:63)
at Testcase.testcasecode.generatedstring(testcasecode.java:63)
at Testcase.testcasecode.generatedstring(testcasecode.java:63)
at Testcase.testcasecode.generatedstring(testcasecode.java:63)
at Testcase.testcasecode.generatedstring(testcasecode.java:63)
at Testcase.testcasecode.generatedstring(testcasecode.java:63)
at Testcase.testcasecode.generatedstring(testcasecode.java:63)
at Testcase.testcasecode.generatedstring(testcasecode.java:63)
at Testcase.testcasecode.generatedstring(testcasecode.java:63)
at Testcase.testcasecode.generatedstring(testcasecode.java:63)
at Testcase.testcasecode.generatedstring(testcasecode.java:63)
at Testcase.testcasecode.generatedstring(testcasecode.java:63)
at Testcase.testcasecode.generatedstring(testcasecode.java:63)
at Testcase.testcasecode.generatedstring(testcasecode.java:63)
at Testcase.testcasecode.generatedstring(testcasecode.java:63)
at Testcase.testcasecode.generatedstring(testcasecode.java:63)
at Testcase.testcasecode.generatedstring(testcasecode.java:63)
at Testcase.testcasecode.generatedstring(testcasecode.java:63)
at Testcase.testcasecode.generatedstring(testcasecode.java:63)
at Testcase.testcasecode.generatedstring(testcasecode.java:63)
at Testcase.testcasecode.generatedstring(testcasecode.java:63)
at Testcase.testcasecode.generatedstring(testcasecode.java:63)
at Testcase.testcasecode.generatedstring(testcasecode.java:63)
at Testcase.testcasecode.generatedstring(testcasecode.java:63)
at Testcase.testcasecode.generatedstring(testcasecode.java:63)
at Testcase.testcasecode.generatedstring(testcasecode.java:63)
at Testcase.testcasecode.generatedstring(testcasecode.java:63)
at Testcase.testcasecode.generatedstring(testcasecode.java:63)
at Testcase.testcasecode.generatedstring(testcasecode.java:63)
at Testcase.testcasecode.generatedstring(testcasecode.java:63)
at Testcase.testcasecode.generatedstring(testcasecode.java:63)
at Testcase.testcasecode.generatedstring(testcasecode.java:63)
at Testcase.testcasecode.generatedstring(testcasecode.java:63)
at Testcase.testcasecode.generatedstring(testcasecode.java:63)
at Testcase.testcasecode.generatedstring(testcasecode.java:63)
at Testcase.testcasecode.generatedstring(testcasecode.java:63)
at Testcase.testcasecode.generatedstring(testcasecode.java:63)
at Testcase.testcasecode.generatedstring(testcasecode.java:63)
at Testcase.testcasecode.generatedstring(testcasecode.java:63)
at Testcase.testcasecode.generatedstring(testcasecode.java:63)
at Testcase.testcasecode.generatedstring(testcasecode.java:63)
at Testcase.testcasecode.generatedstring(testcasecode.java:63)
at Testcase.testcasecode.generatedstring(testcasecode.java:63)
at Testcase.testcasecode.generatedstring(testcasecode.java:63)
at Testcase.testcasecode.generatedstring(testcasecode.java:63)
at Testcase.testcasecode.generatedstring(testcasecode.java:63)
at Testcase.testcasecode.generatedstring(testcasecode.java:63)
at Testcase.testcasecode.generatedstring(testcasecode.java:63)
at Testcase.testcasecode.generatedstring(testcasecode.java:63)
at Testcase.testcasecode.generatedstring(testcasecode.java:63)
at Testcase.testcasecode.generatedstring(testcasecode.java:63)
at Testcase.testcasecode.generatedstring(testcasecode.java:63)
at Testcase.testcasecode.generatedstring(testcasecode.java:63)
at Testcase.testcasecode.generatedstring(testcasecode.java:63)
at Testcase.testcasecode.generatedstring(testcasecode.java:63)
at Testcase.testcasecode.generatedstring(testcasecode.java:63)
at Testcase.testcasecode.generatedstring(testcasecode.java:63)
at Testcase.testcasecode.generatedstring(testcasecode.java:63)
at Testcase.testcasecode.generatedstring(testcasecode.java:63)
at Testcase.testcasecode.generatedstring(testcasecode.java:63)
at Testcase.testcasecode.generatedstring(testcasecode.java:63)
at Testcase.testcasecode.generatedstring(testcasecode.java:63)
at Testcase.testcasecode.generatedstring(testcasecode.java:63)
at Testcase.testcasecode.generatedstring(testcasecode.java:63)
at Testcase.testcasecode.generatedstring(testcasecode.java:63)
at Testcase.testcasecode.generatedstring(testcasecode.java:63)
at Testcase.testcasecode.generatedstring(testcasecode.java:63)
at Testcase.testcasecode.generatedstring(testcasecode.java:63)
at Testcase.testcasecode.generatedstring(testcasecode.java:63)
at Testcase.testcasecode.generatedstring(testcasecode.java:63)
at Testcase.testcasecode.generatedstring(testcasecode.java:63)
at Testcase.testcasecode.generatedstring(testcasecode.java:63)
at Testcase.testcasecode.generatedstring(testcasecode.java:63)
at Testcase.testcasecode.generatedstring(testcasecode.java:63)
at Testcase.testcasecode.generatedstring(testcasecode.java:63)
at Testcase.testcasecode.generatedstring(testcasecode.java:63)
at Testcase.testcasecode.generatedstring(testcasecode.java:63)
at Testcase.testcasecode.generatedstring(testcasecode.java:63)
at Testcase.testcasecode.generatedstring(testcasecode.java:63)
at Testcase.testcasecode.generatedstring(testcasecode.java:63)
at Testcase.testcasecode.generatedstring(testcasecode.java:63)
at Testcase.testcasecode.generatedstring(testcasecode.java:63)
at Testcase.testcasecode.generatedstring(testcasecode.java:63)
at Testcase.testcasecode.generatedstring(testcasecode.java:63)
at Testcase.testcasecode.generatedstring(testcasecode.java:63)
at Testcase.testcasecode.generatedstring(testcasecode.java:63)
at Testcase.testcasecode.generatedstring(testcasecode.java:63)
at Testcase.testcasecode.generatedstring(testcasecode.java:63)
at Testcase.testcasecode.generatedstring(testcasecode.java:63)
at Testcase.testcasecode.generatedstring(testcasecode.java:63)
at Testcase.testcasecode.generatedstring(testcasecode.java:63)
at Testcase.testcasecode.generatedstring(testcasecode.java:63)
at Testcase.testcasecode.generatedstring(testcasecode.java:63)
at Testcase.testcasecode.generatedstring(testcasecode.java:63)
at Testcase.testcasecode.generatedstring(testcasecode.java:63)
at Testcase.testcasecode.generatedstring(testcasecode.java:63)
at Testcase.testcasecode.generatedstring(testcasecode.java:63)
at Testcase.testcasecode.generatedstring(testcasecode.java:63)
at Testcase.testcasecode.generatedstring(testcasecode.java:63)
at Testcase.testcasecode.generatedstring(testcasecode.java:63)
at Testcase.testcasecode.generatedstring(testcasecode.java:63)
at Testcase.testcasecode.generatedstring(testcasecode.java:63)
at Testcase.testcasecode.generatedstring(testcasecode.java:63)
at Testcase.testcasecode.generatedstring(testcasecode.java:63)
at Testcase.testcasecode.generatedstring(testcasecode.java:63)
at Testcase.testcasecode.generatedstring(testcasecode.java:63)
at Testcase.testcasecode.generatedstring(testcasecode.java:63)
at Testcase.testcasecode.generatedstring(testcasecode.java:63)
at Testcase.testcasecode.generatedstring(testcasecode.java:63)
at Testcase.testcasecode.generatedstring(testcasecode.java:63)
at Testcase.testcasecode.generatedstring(testcasecode.java:63)
at Testcase.testcasecode.generatedstring(testcasecode.java:63)
at Testcase.testcasecode.generatedstring(testcasecode.java:63)
at Testcase.testcasecode.generatedstring(testcasecode.java:63)
at Testcase.testcasecode.generatedstring(testcasecode.java:63)
at Testcase.testcasecode.generatedstring(testcasecode.java:63)
at Testcase.testcasecode.generatedstring(testcasecode.java:63)
at Testcase.testcasecode.generatedstring(testcasecode.java:63)
at Testcase.testcasecode.generatedstring(testcasecode.java:63)
at Testcase.testcasecode.generatedstring(testcasecode.java:63)
at Testcase.testcasecode.generatedstring(testcasecode.java:63)
at Testcase.testcasecode.generatedstring(testcasecode.java:63)
at Testcase.testcasecode.generatedstring(testcasecode.java:63)
at Testcase.testcasecode.generatedstring(testcasecode.java:63)
at Testcase.testcasecode.generatedstring(testcasecode.java:63)
at Testcase.testcasecode.generatedstring(testcasecode.java:63)
at Testcase.testcasecode.generatedstring(testcasecode.java:63)
at Testcase.testcasecode.generatedstring(testcasecode.java:63)
at Testcase.testcasecode.generatedstring(testcasecode.java:63)
at Testcase.testcasecode.generatedstring(testcasecode.java:63)
at Testcase.testcasecode.generatedstring(testcasecode.java:63)
at Testcase.testcasecode.generatedstring(testcasecode.java:63)
at Testcase.testcasecode.generatedstring(testcasecode.java:63)
at Testcase.testcasecode.generatedstring(testcasecode.java:63)
at Testcase.testcasecode.generatedstring(testcasecode.java:63)
at Testcase.testcasecode.generatedstring(testcasecode.java:63)
at Testcase.testcasecode.generatedstring(testcasecode.java:63)
at Testcase.testcasecode.generatedstring(testcasecode.java:63)
at Testcase.testcasecode.generatedstring(testcasecode.java:63)
at Testcase.testcasecode.generatedstring(testcasecode.java:63)
at Testcase.testcasecode.generatedstring(testcasecode.java:63)
at Testcase.testcasecode.generatedstring(testcasecode.java:63)
at Testcase.testcasecode.generatedstring(testcasecode.java:63)
at Testcase.testcasecode.generatedstring(testcasecode.java:63)
at Testcase.testcasecode.generatedstring(testcasecode.java:63)
at Testcase.testcasecode.generatedstring(testcasecode.java:63)
at Testcase.testcasecode.generatedstring(testcasecode.java:63)
at Testcase.testcasecode.generatedstring(testcasecode.java:63)
at Testcase.testcasecode.generatedstring(testcasecode.java:63)
at Testcase.testcasecode.generatedstring(testcasecode.java:63)
at Testcase.testcasecode.generatedstring(testcasecode.java:63)
at Testcase.testcasecode.generatedstring(testcasecode.java:63)
at Testcase.testcasecode.generatedstring(testcasecode.java:63)
at Testcase.testcasecode.generatedstring(testcasecode.java:63)
at Testcase.testcasecode.generatedstring(testcasecode.java:63)
at Testcase.testcasecode.generatedstring(testcasecode.java:63)
at Testcase.testcasecode.generatedstring(testcasecode.java:63)
at Testcase.testcasecode.generatedstring(testcasecode.java:63)
at Testcase.testcasecode.generatedstring(testcasecode.java:63)
at Testcase.testcasecode.generatedstring(testcasecode.java:63)
at Testcase.testcasecode.generatedstring(testcasecode.java:63)
at Testcase.testcasecode.generatedstring(testcasecode.java:63)
at Testcase.testcasecode.generatedstring(testcasecode.java:63)
at Testcase.testcasecode.generatedstring(testcasecode.java:63)
at Testcase.testcasecode.generatedstring(testcasecode.java:63)
at Testcase.testcasecode.generatedstring(testcasecode.java:63)
at Testcase.testcasecode.generatedstring(testcasecode.java:63)
at Testcase.testcasecode.generatedstring(testcasecode.java:63)
at Testcase.testcasecode.generatedstring(testcasecode.java:63)
at Testcase.testcasecode.generatedstring(testcasecode.java:63)
at Testcase.testcasecode.generatedstring(testcasecode.java:63)
at Testcase.testcasecode.generatedstring(testcasecode.java:63)
at Testcase.testcasecode.generatedstring(testcasecode.java:63)
at Testcase.testcasecode.generatedstring(testcasecode.java:63)
at Testcase.testcasecode.generatedstring(testcasecode.java:63)
at Testcase.testcasecode.generatedstring(testcasecode.java:63)
at Testcase.testcasecode.generatedstring(testcasecode.java:63)
at Testcase.testcasecode.generatedstring(testcasecode.java:63)
at Testcase.testcasecode.generatedstring(testcasecode.java:63)
at Testcase.testcasecode.generatedstring(testcasecode.java:63)
at Testcase.testcasecode.generatedstring(testcasecode.java:63)
at Testcase.testcasecode.generatedstring(testcasecode.java:63)
at Testcase.testcasecode.generatedstring(testcasecode.java:63)
at Testcase.testcasecode.generatedstring(testcasecode.java:63)
at Testcase.testcasecode.generatedstring(testcasecode.java:63)
at Testcase.testcasecode.generatedstring(testcasecode.java:63)
at Testcase.testcasecode.generatedstring(testcasecode.java:63)
at Testcase.testcasecode.generatedstring(testcasecode.java:63)
at Testcase.testcasecode.generatedstring(testcasecode.java:63)
at Testcase.testcasecode.generatedstring(testcasecode.java:63)
at Testcase.testcasecode.generatedstring(testcasecode.java:63)
at Testcase.testcasecode.generatedstring(testcasecode.java:63)
at Testcase.testcasecode.generatedstring(testcasecode.java:63)
at Testcase.testcasecode.generatedstring(testcasecode.java:63)
at Testcase.testcasecode.generatedstring(testcasecode.java:63)
at Testcase.testcasecode.generatedstring(testcasecode.java:63)
at Testcase.testcasecode.generatedstring(testcasecode.java:63)
at Testcase.testcasecode.generatedstring(testcasecode.java:63)
at Testcase.testcasecode.generatedstring(testcasecode.java:63)
at Testcase.testcasecode.generatedstring(testcasecode.java:63)
at Testcase.testcasecode.generatedstring(testcasecode.java:63)
at Testcase.testcasecode.generatedstring(testcasecode.java:63)
at Testcase.testcasecode.generatedstring(testcasecode.java:63)
at Testcase.testcasecode.generatedstring(testcasecode.java:63)
at Testcase.testcasecode.generatedstring(testcasecode.java:63)
at Testcase.testcasecode.generatedstring(testcasecode.java:63)
at Testcase.testcasecode.generatedstring(testcasecode.java:63)
at Testcase.testcasecode.generatedstring(testcasecode.java:63)
at Testcase.testcasecode.generatedstring(testcasecode.java:63)
at Testcase.testcasecode.generatedstring(testcasecode.java:63)
at Testcase.testcasecode.generatedstring(testcasecode.java:63)
at Testcase.testcasecode.generatedstring(testcasecode.java:63)
at Testcase.testcasecode.generatedstring(testcasecode.java:63)
at Testcase.testcasecode.generatedstring(testcasecode.java:63)
at Testcase.testcasecode.generatedstring(testcasecode.java:63)
at Testcase.testcasecode.generatedstring(testcasecode.java:63)
at Testcase.testcasecode.generatedstring(testcasecode.java:63)
at Testcase.testcasecode.generatedstring(testcasecode.java:63)
at Testcase.testcasecode.generatedstring(testcasecode.java:63)
at Testcase.testcasecode.generatedstring(testcasecode.java:63)
at Testcase.testcasecode.generatedstring(testcasecode.java:63)
at Testcase.testcasecode.generatedstring(testcasecode.java:63)
at Testcase.testcasecode.generatedstring(testcasecode.java:63)
at Testcase.testcasecode.generatedstring(testcasecode.java:63)
at Testcase.testcasecode.generatedstring(testcasecode.java:63)
at Testcase.testcasecode.generatedstring(testcasecode.java:63)
at Testcase.testcasecode.generatedstring(testcasecode.java:63)
at Testcase.testcasecode.generatedstring(testcasecode.java:63)
at Testcase.testcasecode.generatedstring(testcasecode.java:63)
at Testcase.testcasecode.generatedstring(testcasecode.java:63)
at Testcase.testcasecode.generatedstring(testcasecode.java:63)
at Testcase.testcasecode.generatedstring(testcasecode.java:63)
at Testcase.testcasecode.generatedstring(testcasecode.java:63)
at Testcase.testcasecode.generatedstring(testcasecode.java:63)
at Testcase.testcasecode.generatedstring(testcasecode.java:63)
at Testcase.testcasecode.generatedstring(testcasecode.java:63)
at Testcase.testcasecode.generatedstring(testcasecode.java:63)
at Testcase.testcasecode.generatedstring(testcasecode.java:63)
at Testcase.testcasecode.generatedstring(testcasecode.java:63)
at Testcase.testcasecode.generatedstring(testcasecode.java:63)
at Testcase.testcasecode.generatedstring(testcasecode.java:63)
at Testcase.testcasecode.generatedstring(testcasecode.java:63)
at Testcase.testcasecode.generatedstring(testcasecode.java:63)
at Testcase.testcasecode.generatedstring(testcasecode.java:63)
at Testcase.testcasecode.generatedstring(testcasecode.java:63)
at Testcase.testcasecode.generatedstring(testcasecode.java:63)
at Testcase.testcasecode.generatedstring(testcasecode.java:63)
at Testcase.testcasecode.generatedstring(testcasecode.java:63)
at Testcase.testcasecode.generatedstring(testcasecode.java:63)
at Testcase.testcasecode.generatedstring(testcasecode.java:63)
at Testcase.testcasecode.generatedstring(testcasecode.java:63)
at Testcase.testcasecode.generatedstring(testcasecode.java:63)
at Testcase.testcasecode.generatedstring(testcasecode.java:63)
at Testcase.testcasecode.generatedstring(testcasecode.java:63)
at Testcase.testcasecode.generatedstring(testcasecode.java:63)
at Testcase.testcasecode.generatedstring(testcasecode.java:63)
at Testcase.testcasecode.generatedstring(testcasecode.java:63)
at Testcase.testcasecode.generatedstring(testcasecode.java:63)
at Testcase.testcasecode.generatedstring(testcasecode.java:63)
at Testcase.testcasecode.generatedstring(testcasecode.java:63)
at Testcase.testcasecode.generatedstring(testcasecode.java:63)
at Testcase.testcasecode.generatedstring(testcasecode.java:63)
at Testcase.testcasecode.generatedstring(testcasecode.java:63)
at Testcase.testcasecode.generatedstring(testcasecode.java:63)
at Testcase.testcasecode.generatedstring(testcasecode.java:63)
at Testcase.testcasecode.generatedstring(testcasecode.java:63)
at Testcase.testcasecode.generatedstring(testcasecode.java:63)
at Testcase.testcasecode.generatedstring(testcasecode.java:63)
at Testcase.testcasecode.generatedstring(testcasecode.java:63)
at Testcase.testcasecode.generatedstring(testcasecode.java:63)
at Testcase.testcasecode.generatedstring(testcasecode.java:63)
at Testcase.testcasecode.generatedstring(testcasecode.java:63)
at Testcase.testcasecode.generatedstring(testcasecode.java:63)
at Testcase.testcasecode.generatedstring(testcasecode.java:63)
at Testcase.testcasecode.generatedstring(testcasecode.java:63)
at Testcase.testcasecode.generatedstring(testcasecode.java:63)
at Testcase.testcasecode.generatedstring(testcasecode.java:63)
at Testcase.testcasecode.generatedstring(testcasecode.java:63)
at Testcase.testcasecode.generatedstring(testcasecode.java:63)
at Testcase.testcasecode.generatedstring(testcasecode.java:63)
at Testcase.testcasecode.generatedstring(testcasecode.java:63)
at Testcase.testcasecode.generatedstring(testcasecode.java:63)
at Testcase.testcasecode.generatedstring(testcasecode.java:63)
at Testcase.testcasecode.generatedstring(testcasecode.java:63)
at Testcase.testcasecode.generatedstring(testcasecode.java:63)
at Testcase.testcasecode.generatedstring(testcasecode.java:63)
at Testcase.testcasecode.generatedstring(testcasecode.java:63)
at Testcase.testcasecode.generatedstring(testcasecode.java:63)
at Testcase.testcasecode.generatedstring(testcasecode.java:63)
at Testcase.testcasecode.generatedstring(testcasecode.java:63)
at Testcase.testcasecode.generatedstring(testcasecode.java:63)
at Testcase.testcasecode.generatedstring(testcasecode.java:63)
at Testcase.testcasecode.generatedstring(testcasecode.java:63)
at Testcase.testcasecode.generatedstring(testcasecode.java:63)
at Testcase.testcasecode.generatedstring(testcasecode.java:63)
at Testcase.testcasecode.generatedstring(testcasecode.java:63)
at Testcase.testcasecode.generatedstring(testcasecode.java:63)
at Testcase.testcasecode.generatedstring(testcasecode.java:63)
at Testcase.testcasecode.generatedstring(testcasecode.java:63)
at Testcase.testcasecode.generatedstring(testcasecode.java:63)
at Testcase.testcasecode.generatedstring(testcasecode.java:63)
at Testcase.testcasecode.generatedstring(testcasecode.java:63)
at Testcase.testcasecode.generatedstring(testcasecode.java:63)
at Testcase.testcasecode.generatedstring(testcasecode.java:63)
at Testcase.testcasecode.generatedstring(testcasecode.java:63)
at Testcase.testcasecode.generatedstring(testcasecode.java:63)
at Testcase.testcasecode.generatedstring(testcasecode.java:63)
at Testcase.testcasecode.generatedstring(testcasecode.java:63)
at Testcase.testcasecode.generatedstring(testcasecode.java:63)
at Testcase.testcasecode.generatedstring(testcasecode.java:63)
at Testcase.testcasecode.generatedstring(testcasecode.java:63)
at Testcase.testcasecode.generatedstring(testcasecode.java:63)
at Testcase.testcasecode.generatedstring(testcasecode.java:63)
at Testcase.testcasecode.generatedstring(testcasecode.java:63)
at Testcase.testcasecode.generatedstring(testcasecode.java:63)
at Testcase.testcasecode.generatedstring(testcasecode.java:63)
at Testcase.testcasecode.generatedstring(testcasecode.java:63)
at Testcase.testcasecode.generatedstring(testcasecode.java:63)
at Testcase.testcasecode.generatedstring(testcasecode.java:63)
at Testcase.testcasecode.generatedstring(testcasecode.java:63)
at Testcase.testcasecode.generatedstring(testcasecode.java:63)
at Testcase.testcasecode.generatedstring(testcasecode.java:63)
at Testcase.testcasecode.generatedstring(testcasecode.java:63)
at Testcase.testcasecode.generatedstring(testcasecode.java:63)
at Testcase.testcasecode.generatedstring(testcasecode.java:63)
at Testcase.testcasecode.generatedstring(testcasecode.java:63)
at Testcase.testcasecode.generatedstring(testcasecode.java:63)
at Testcase.testcasecode.generatedstring(testcasecode.java:63)
at Testcase.testcasecode.generatedstring(testcasecode.java:63)
at Testcase.testcasecode.generatedstring(testcasecode.java:63)
at Testcase.testcasecode.generatedstring(testcasecode.java:63)
at Testcase.testcasecode.generatedstring(testcasecode.java:63)
at Testcase.testcasecode.generatedstring(testcasecode.java:63)
at Testcase.testcasecode.generatedstring(testcasecode.java:63)
at Testcase.testcasecode.generatedstring(testcasecode.java:63)
at Testcase.testcasecode.generatedstring(testcasecode.java:63)
at Testcase.testcasecode.generatedstring(testcasecode.java:63)
at Testcase.testcasecode.generatedstring(testcasecode.java:63)
at Testcase.testcasecode.generatedstring(testcasecode.java:63)
at Testcase.testcasecode.generatedstring(testcasecode.java:63)
at Testcase.testcasecode.generatedstring(testcasecode.java:63)
at Testcase.testcasecode.generatedstring(testcasecode.java:63)
at Testcase.testcasecode.generatedstring(testcasecode.java:63)
at Testcase.testcasecode.generatedstring(testcasecode.java:63)
at Testcase.testcasecode.generatedstring(testcasecode.java:63)
at Testcase.testcasecode.generatedstring(testcasecode.java:63)
at Testcase.testcasecode.generatedstring(testcasecode.java:63)
at Testcase.testcasecode.generatedstring(testcasecode.java:63)
at Testcase.testcasecode.generatedstring(testcasecode.java:63)
at Testcase.testcasecode.generatedstring(testcasecode.java:63)
at Testcase.testcasecode.generatedstring(testcasecode.java:63)
at Testcase.testcasecode.generatedstring(testcasecode.java:63)
at Testcase.testcasecode.generatedstring(testcasecode.java:63)
at Testcase.testcasecode.generatedstring(testcasecode.java:63)
at Testcase.testcasecode.generatedstring(testcasecode.java:63)
at Testcase.testcasecode.generatedstring(testcasecode.java:63)
at Testcase.testcasecode.generatedstring(testcasecode.java:63)
at Testcase.testcasecode.generatedstring(testcasecode.java:63)
at Testcase.testcasecode.generatedstring(testcasecode.java:63)
at Testcase.testcasecode.generatedstring(testcasecode.java:63)
at Testcase.testcasecode.generatedstring(testcasecode.java:63)
at Testcase.testcasecode.generatedstring(testcasecode.java:63)
at Testcase.testcasecode.generatedstring(testcasecode.java:63)
at Testcase.testcasecode.generatedstring(testcasecode.java:63)
at Testcase.testcasecode.generatedstring(testcasecode.java:63)
at Testcase.testcasecode.generatedstring(testcasecode.java:63)
at Testcase.testcasecode.generatedstring(testcasecode.java:63)
at Testcase.testcasecode.generatedstring(testcasecode.java:63)
at Testcase.testcasecode.generatedstring(testcasecode.java:63)
at Testcase.testcasecode.generatedstring(testcasecode.java:63)
at Testcase.testcasecode.generatedstring(testcasecode.java:63)
at Testcase.testcasecode.generatedstring(testcasecode.java:63)
at Testcase.testcasecode.generatedstring(testcasecode.java:63)
at Testcase.testcasecode.generatedstring(testcasecode.java:63)
at Testcase.testcasecode.generatedstring(testcasecode.java:63)
at Testcase.testcasecode.generatedstring(testcasecode.java:63)
at Testcase.testcasecode.generatedstring(testcasecode.java:63)
at Testcase.testcasecode.generatedstring(testcasecode.java:63)
at Testcase.testcasecode.generatedstring(testcasecode.java:63)
at Testcase.testcasecode.generatedstring(testcasecode.java:63)
at Testcase.testcasecode.generatedstring(testcasecode.java:63)
at Testcase.testcasecode.generatedstring(testcasecode.java:63)
at Testcase.testcasecode.generatedstring(testcasecode.java:63)
at Testcase.testcasecode.generatedstring(testcasecode.java:63)
at Testcase.testcasecode.generatedstring(testcasecode.java:63)
at Testcase.testcasecode.generatedstring(testcasecode.java:63)
at Testcase.testcasecode.generatedstring(testcasecode.java:63)
at Testcase.testcasecode.generatedstring(testcasecode.java:63)
at Testcase.testcasecode.generatedstring(testcasecode.java:63)
at Testcase.testcasecode.generatedstring(testcasecode.java:63)
at Testcase.testcasecode.generatedstring(testcasecode.java:63)
at Testcase.testcasecode.generatedstring(testcasecode.java:63)
at Testcase.testcasecode.generatedstring(testcasecode.java:63)
at Testcase.testcasecode.generatedstring(testcasecode.java:63)
at Testcase.testcasecode.generatedstring(testcasecode.java:63)
at Testcase.testcasecode.generatedstring(testcasecode.java:63)
at Testcase.testcasecode.generatedstring(testcasecode.java:63)
at Testcase.testcasecode.generatedstring(testcasecode.java:63)
at Testcase.testcasecode.generatedstring(testcasecode.java:63)
at Testcase.testcasecode.generatedstring(testcasecode.java:63)
at Testcase.testcasecode.generatedstring(testcasecode.java:63)
at Testcase.testcasecode.generatedstring(testcasecode.java:63)
at Testcase.testcasecode.generatedstring(testcasecode.java:63)
at Testcase.testcasecode.generatedstring(testcasecode.java:63)
at Testcase.testcasecode.generatedstring(testcasecode.java:63)
at Testcase.testcasecode.generatedstring(testcasecode.java:63)
at Testcase.testcasecode.generatedstring(testcasecode.java:63)
at Testcase.testcasecode.generatedstring(testcasecode.java:63)
at Testcase.testcasecode.generatedstring(testcasecode.java:63)
at Testcase.testcasecode.generatedstring(testcasecode.java:63)
at Testcase.testcasecode.generatedstring(testcasecode.java:63)
at Testcase.testcasecode.generatedstring(testcasecode.java:63)
at Testcase.testcasecode.generatedstring(testcasecode.java:63)
at Testcase.testcasecode.generatedstring(testcasecode.java:63)
at Testcase.testcasecode.generatedstring(testcasecode.java:63)
at Testcase.testcasecode.generatedstring(testcasecode.java:63)
at Testcase.testcasecode.generatedstring(testcasecode.java:63)
at Testcase.testcasecode.generatedstring(testcasecode.java:63)
at Testcase.testcasecode.generatedstring(testcasecode.java:63)
at Testcase.testcasecode.generatedstring(testcasecode.java:63)
at Testcase.testcasecode.generatedstring(testcasecode.java:63)
at Testcase.testcasecode.generatedstring(testcasecode.java:63)
at Testcase.testcasecode.generatedstring(testcasecode.java:63)
at Testcase.testcasecode.generatedstring(testcasecode.java:63)
at Testcase.testcasecode.generatedstring(testcasecode.java:63)
at Testcase.testcasecode.generatedstring(testcasecode.java:63)
at Testcase.testcasecode.generatedstring(testcasecode.java:63)
at Testcase.testcasecode.generatedstring(testcasecode.java:63)
at Testcase.testcasecode.generatedstring(testcasecode.java:63)
at Testcase.testcasecode.generatedstring(testcasecode.java:63)
at Testcase.testcasecode.generatedstring(testcasecode.java:63)
at Testcase.testcasecode.generatedstring(testcasecode.java:63)
at Testcase.testcasecode.generatedstring(testcasecode.java:63)
at Testcase.testcasecode.generatedstring(testcasecode.java:63)
at Testcase.testcasecode.generatedstring(testcasecode.java:63)
at Testcase.testcasecode.generatedstring(testcasecode.java:63)
at Testcase.testcasecode.generatedstring(testcasecode.java:63)
at Testcase.testcasecode.generatedstring(testcasecode.java:63)
at Testcase.testcasecode.generatedstring(testcasecode.java:63)
at Testcase.testcasecode.generatedstring(testcasecode.java:63)
at Testcase.testcasecode.generatedstring(testcasecode.java:63)
at Testcase.testcasecode.generatedstring(testcasecode.java:63)
at Testcase.testcasecode.generatedstring(testcasecode.java:63)
at Testcase.testcasecode.generatedstring(testcasecode.java:63)
at Testcase.testcasecode.generatedstring(testcasecode.java:63)
at Testcase.testcasecode.generatedstring(testcasecode.java:63)
at Testcase.testcasecode.generatedstring(testcasecode.java:63)
at Testcase.testcasecode.generatedstring(testcasecode.java:63)
at Testcase.testcasecode.generatedstring(testcasecode.java:63)
at Testcase.testcasecode.generatedstring(testcasecode.java:63)
at Testcase.testcasecode.generatedstring(testcasecode.java:63)
at Testcase.testcasecode.generatedstring(testcasecode.java:63)
at Testcase.testcasecode.generatedstring(testcasecode.java:63)
at Testcase.testcasecode.generatedstring(testcasecode.java:63)
at Testcase.testcasecode.generatedstring(testcasecode.java:63)
at Testcase.testcasecode.generatedstring(testcasecode.java:63)
at Testcase.testcasecode.generatedstring(testcasecode.java:63)
at Testcase.testcasecode.generatedstring(testcasecode.java:63)
at Testcase.testcasecode.generatedstring(testcasecode.java:63)
at Testcase.testcasecode.generatedstring(testcasecode.java:63)
at Testcase.testcasecode.generatedstring(testcasecode.java:63)
at Testcase.testcasecode.generatedstring(testcasecode.java:63)
at Testcase.testcasecode.generatedstring(testcasecode.java:63)
at Testcase.testcasecode.generatedstring(testcasecode.java:63)
at Testcase.testcasecode.generatedstring(testcasecode.java:63)
at Testcase.testcasecode.generatedstring(testcasecode.java:63)
at Testcase.testcasecode.generatedstring(testcasecode.java:63)
at Testcase.testcasecode.generatedstring(testcasecode.java:63)
at Testcase.testcasecode.generatedstring(testcasecode.java:63)
at Testcase.testcasecode.generatedstring(testcasecode.java:63)
at Testcase.testcasecode.generatedstring(testcasecode.java:63)
at Testcase.testcasecode.generatedstring(testcasecode.java:63)
at Testcase.testcasecode.generatedstring(testcasecode.java:63)
at Testcase.testcasecode.generatedstring(testcasecode.java:63)
at Testcase.testcasecode.generatedstring(testcasecode.java:63)
at Testcase.testcasecode.generatedstring(testcasecode.java:63)
at Testcase.testcasecode.generatedstring(testcasecode.java:63)
at Testcase.testcasecode.generatedstring(testcasecode.java:63)
at Testcase.testcasecode.generatedstring(testcasecode.java:63)
at Testcase.testcasecode.generatedstring(testcasecode.java:63)
at Testcase.testcasecode.generatedstring(testcasecode.java:63)
at Testcase.testcasecode.generatedstring(testcasecode.java:63)
at Testcase.testcasecode.generatedstring(testcasecode.java:63)
at Testcase.testcasecode.generatedstring(testcasecode.java:63)
at Testcase.testcasecode.generatedstring(testcasecode.java:63)
at Testcase.testcasecode.generatedstring(testcasecode.java:63)
at Testcase.testcasecode.generatedstring(testcasecode.java:63)
at Testcase.testcasecode.generatedstring(testcasecode.java:63)
at Testcase.testcasecode.generatedstring(testcasecode.java:63)
at Testcase.testcasecode.generatedstring(testcasecode.java:63)
at Testcase.testcasecode.generatedstring(testcasecode.java:63)
at Testcase.testcasecode.generatedstring(testcasecode.java:63)
at Testcase.testcasecode.generatedstring(testcasecode.java:63)
at Testcase.testcasecode.generatedstring(testcasecode.java:63)
at Testcase.testcasecode.generatedstring(testcasecode.java:63)
at Testcase.testcasecode.generatedstring(testcasecode.java:63)
at Testcase.testcasecode.generatedstring(testcasecode.java:63)
at Testcase.testcasecode.generatedstring(testcasecode.java:63)
at Testcase.testcasecode.generatedstring(testcasecode.java:63)
at Testcase.testcasecode.generatedstring(testcasecode.java:63)
at Testcase.testcasecode.generatedstring(testcasecode.java:63)
at Testcase.testcasecode.generatedstring(testcasecode.java:63)
at Testcase.testcasecode.generatedstring(testcasecode.java:63)
at Testcase.testcasecode.generatedstring(testcasecode.java:63)
at Testcase.testcasecode.generatedstring(testcasecode.java:63)
at Testcase.testcasecode.generatedstring(testcasecode.java:63)
at Testcase.testcasecode.generatedstring(testcasecode.java:63)
at Testcase.testcasecode.generatedstring(testcasecode.java:63)
at Testcase.testcasecode.generatedstring(testcasecode.java:63)
at Testcase.testcasecode.generatedstring(testcasecode.java:63)
at Testcase.testcasecode.generatedstring(testcasecode.java:63)
at Testcase.testcasecode.generatedstring(testcasecode.java:63)
at Testcase.testcasecode.generatedstring(testcasecode.java:63)
at Testcase.testcasecode.generatedstring(testcasecode.java:63)
at Testcase.testcasecode.generatedstring(testcasecode.java:63)
at Testcase.testcasecode.generatedstring(testcasecode.java:63)
at Testcase.testcasecode.generatedstring(testcasecode.java:63)
at Testcase.testcasecode.generatedstring(testcasecode.java:63)
at Testcase.testcasecode.generatedstring(testcasecode.java:63)
at Testcase.testcasecode.generatedstring(testcasecode.java:63)
at Testcase.testcasecode.generatedstring(testcasecode.java:63)
at Testcase.testcasecode.generatedstring(testcasecode.java:63)
at Testcase.testcasecode.generatedstring(testcasecode.java:63)
at Testcase.testcasecode.generatedstring(testcasecode.java:63)
at Testcase.testcasecode.generatedstring(testcasecode.java:63)
at Testcase.testcasecode.generatedstring(testcasecode.java:63)
at Testcase.testcasecode.generatedstring(testcasecode.java:63)
at Testcase.testcasecode.generatedstring(testcasecode.java:63)
at Testcase.testcasecode.generatedstring(testcasecode.java:63)
at Testcase.testcasecode.generatedstring(testcasecode.java:63)
at Testcase.testcasecode.generatedstring(testcasecode.java:63)
at Testcase.testcasecode.generatedstring(testcasecode.java:63)
at Testcase.testcasecode.generatedstring(testcasecode.java:63)
at Testcase.testcasecode.generatedstring(testcasecode.java:63)
at Testcase.testcasecode.generatedstring(testcasecode.java:63)
at Testcase.testcasecode.generatedstring(testcasecode.java:63)
at Testcase.testcasecode.generatedstring(testcasecode.java:63)
at Testcase.testcasecode.generatedstring(testcasecode.java:63)
at Testcase.testcasecode.generatedstring(testcasecode.java:63)
at Testcase.testcasecode.generatedstring(testcasecode.java:63)
at Testcase.testcasecode.generatedstring(testcasecode.java:63)
at Testcase.testcasecode.generatedstring(testcasecode.java:63)
at Testcase.testcasecode.generatedstring(testcasecode.java:63)
at Testcase.testcasecode.generatedstring(testcasecode.java:63)
at Testcase.testcasecode.generatedstring(testcasecode.java:63)
at Testcase.testcasecode.generatedstring(testcasecode.java:63)
at Testcase.testcasecode.generatedstring(testcasecode.java:63)
at Testcase.testcasecode.generatedstring(testcasecode.java:63)
at Testcase.testcasecode.generatedstring(testcasecode.java:63)
at Testcase.testcasecode.generatedstring(testcasecode.java:63)
at Testcase.testcasecode.generatedstring(testcasecode.java:63)
at Testcase.testcasecode.generatedstring(testcasecode.java:63)
at Testcase.testcasecode.generatedstring(testcasecode.java:63)
at Testcase.testcasecode.generatedstring(testcasecode.java:63)
at Testcase.testcasecode.generatedstring(testcasecode.java:63)
at Testcase.testcasecode.generatedstring(testcasecode.java:63)
at Testcase.testcasecode.generatedstring(testcasecode.java:63)
at Testcase.testcasecode.generatedstring(testcasecode.java:63)
at Testcase.testcasecode.generatedstring(testcasecode.java:63)
at Testcase.testcasecode.generatedstring(testcasecode.java:63)
at Testcase.testcasecode.generatedstring(testcasecode.java:63)
at Testcase.testcasecode.generatedstring(testcasecode.java:63)
at Testcase.testcasecode.generatedstring(testcasecode.java:63)
at Testcase.testcasecode.generatedstring(testcasecode.java:63)
at Testcase.testcasecode.generatedstring(testcasecode.java:63)
at Testcase.testcasecode.generatedstring(testcasecode.java:63)
at Testcase.testcasecode.generatedstring(testcasecode.java:63)
at Testcase.testcasecode.generatedstring(testcasecode.java:63)
at Testcase.testcasecode.generatedstring(testcasecode.java:63)
at Testcase.testcasecode.generatedstring(testcasecode.java:63)
at Testcase.testcasecode.generatedstring(testcasecode.java:63)
at Testcase.testcasecode.generatedstring(testcasecode.java:63)
at Testcase.testcasecode.generatedstring(testcasecode.java:63)
at Testcase.testcasecode.generatedstring(testcasecode.java:63)
at Testcase.testcasecode.generatedstring(testcasecode.java:63)
at Testcase.testcasecode.generatedstring(testcasecode.java:63)
at Testcase.testcasecode.generatedstring(testcasecode.java:63)
at Testcase.testcasecode.generatedstring(testcasecode.java:63)
at Testcase.testcasecode.generatedstring(testcasecode.java:63)
at Testcase.testcasecode.generatedstring(testcasecode.java:63)
at Testcase.testcasecode.generatedstring(testcasecode.java:63)
at Testcase.testcasecode.generatedstring(testcasecode.java:63)
at Testcase.testcasecode.generatedstring(testcasecode.java:63)
at Testcase.testcasecode.generatedstring(testcasecode.java:63)
at Testcase.testcasecode.generatedstring(testcasecode.java:63)
at Testcase.testcasecode.generatedstring(testcasecode.java:63)
at Testcase.testcasecode.generatedstring(testcasecode.java:63)
at Testcase.testcasecode.generatedstring(testcasecode.java:63)
at Testcase.testcasecode.generatedstring(testcasecode.java:63)
at Testcase.testcasecode.generatedstring(testcasecode.java:63)
at Testcase.testcasecode.generatedstring(testcasecode.java:63)
at Testcase.testcasecode.generatedstring(testcasecode.java:63)
at Testcase.testcasecode.generatedstring(testcasecode.java:63)
at Testcase.testcasecode.generatedstring(testcasecode.java:63)
at Testcase.testcasecode.generatedstring(testcasecode.java:63)
at Testcase.testcasecode.generatedstring(testcasecode.java:63)
at Testcase.testcasecode.generatedstring(testcasecode.java:63)
at Testcase.testcasecode.generatedstring(testcasecode.java:63)
at Testcase.testcasecode.generatedstring(testcasecode.java:63)
at Testcase.testcasecode.generatedstring(testcasecode.java:63)
at Testcase.testcasecode.generatedstring(testcasecode.java:63)
at Testcase.testcasecode.generatedstring(testcasecode.java:63)
at Testcase.testcasecode.generatedstring(testcasecode.java:63)
at Testcase.testcasecode.generatedstring(testcasecode.java:63)
at Testcase.testcasecode.generatedstring(testcasecode.java:63)
at Testcase.testcasecode.generatedstring(testcasecode.java:63)
at Testcase.testcasecode.generatedstring(testcasecode.java:63)
at Testcase.testcasecode.generatedstring(testcasecode.java:63)
at Testcase.testcasecode.generatedstring(testcasecode.java:63)
at Testcase.testcasecode.generatedstring(testcasecode.java:63)
at Testcase.testcasecode.generatedstring(testcasecode.java:63)
at Testcase.testcasecode.generatedstring(testcasecode.java:63)
at Testcase.testcasecode.generatedstring(testcasecode.java:63)
at Testcase.testcasecode.generatedstring(testcasecode.java:63)
at Testcase.testcasecode.generatedstring(testcasecode.java:63)
at Testcase.testcasecode.generatedstring(testcasecode.java:63)
at Testcase.testcasecode.generatedstring(testcasecode.java:63)
at Testcase.testcasecode.generatedstring(testcasecode.java:63)
at Testcase.testcasecode.generatedstring(testcasecode.java:63)
at Testcase.testcasecode.generatedstring(testcasecode.java:63)
at Testcase.testcasecode.generatedstring(testcasecode.java:63)
at Testcase.testcasecode.generatedstring(testcasecode.java:63)
at Testcase.testcasecode.generatedstring(testcasecode.java:63)
at Testcase.testcasecode.generatedstring(testcasecode.java:63)
at Testcase.testcasecode.generatedstring(testcasecode.java:63)
at Testcase.testcasecode.generatedstring(testcasecode.java:63)
at Testcase.testcasecode.generatedstring(testcasecode.java:63)
at Testcase.testcasecode.generatedstring(testcasecode.java:63)
at Testcase.testcasecode.generatedstring(testcasecode.java:63)
at Testcase.testcasecode.generatedstring(testcasecode.java:63)
at Testcase.testcasecode.generatedstring(testcasecode.java:63)
at Testcase.testcasecode.generatedstring(testcasecode.java:63)
at Testcase.testcasecode.generatedstring(testcasecode.java:63)
at Testcase.testcasecode.generatedstring(testcasecode.java:63)
at Testcase.testcasecode.generatedstring(testcasecode.java:63)
at Testcase.testcasecode.generatedstring(testcasecode.java:63)
at Testcase.testcasecode.generatedstring(testcasecode.java:63)
at Testcase.testcasecode.generatedstring(testcasecode.java:63)
at Testcase.testcasecode.generatedstring(testcasecode.java:63)
at Testcase.testcasecode.generatedstring(testcasecode.java:63)
at Testcase.testcasecode.generatedstring(testcasecode.java:63)
at Testcase.testcasecode.generatedstring(testcasecode.java:63)
at Testcase.testcasecode.generatedstring(testcasecode.java:63)
at Testcase.testcasecode.generatedstring(testcasecode.java:63)
at Testcase.testcasecode.generatedstring(testcasecode.java:63)
at Testcase.testcasecode.generatedstring(testcasecode.java:63)
at Testcase.testcasecode.generatedstring(testcasecode.java:63)
at Testcase.testcasecode.generatedstring(testcasecode.java:63)
at Testcase.testcasecode.generatedstring(testcasecode.java:63)
at Testcase.testcasecode.generatedstring(testcasecode.java:63)
at Testcase.testcasecode.generatedstring(testcasecode.java:63)
at Testcase.testcasecode.generatedstring(testcasecode.java:63)
at Testcase.testcasecode.generatedstring(testcasecode.java:63)
at Testcase.testcasecode.generatedstring(testcasecode.java:63)
at Testcase.testcasecode.generatedstring(testcasecode.java:63)
at Testcase.testcasecode.generatedstring(testcasecode.java:63)
at Testcase.testcasecode.generatedstring(testcasecode.java:63)
at Testcase.testcasecode.generatedstring(testcasecode.java:63)
at Testcase.testcasecode.generatedstring(testcasecode.java:63)
at Testcase.testcasecode.generatedstring(testcasecode.java:63)
at Testcase.testcasecode.generatedstring(testcasecode.java:63)
at Testcase.testcasecode.generatedstring(testcasecode.java:63)
at Testcase.testcasecode.generatedstring(testcasecode.java:63)
at Testcase.testcasecode.generatedstring(testcasecode.java:63)
at Testcase.testcasecode.generatedstring(testcasecode.java:63)
at Testcase.testcasecode.generatedstring(testcasecode.java:63)
at Testcase.testcasecode.generatedstring(testcasecode.java:63)
at Testcase.testcasecode.generatedstring(testcasecode.java:63)
at Testcase.testcasecode.generatedstring(testcasecode.java:63)
at Testcase.testcasecode.generatedstring(testcasecode.java:63)
at Testcase.testcasecode.generatedstring(testcasecode.java:63)
at Testcase.testcasecode.generatedstring(testcasecode.java:63)
at Testcase.testcasecode.generatedstring(testcasecode.java:63)
at Testcase.testcasecode.generatedstring(testcasecode.java:63)
at Testcase.testcasecode.generatedstring(testcasecode.java:63)
at Testcase.testcasecode.generatedstring(testcasecode.java:63)
at Testcase.testcasecode.generatedstring(testcasecode.java:63)
at Testcase.testcasecode.generatedstring(testcasecode.java:63)
at Testcase.testcasecode.generatedstring(testcasecode.java:63)
at Testcase.testcasecode.generatedstring(testcasecode.java:63)
at Testcase.testcasecode.generatedstring(testcasecode.java:63)
at Testcase.testcasecode.generatedstring(testcasecode.java:63)
at Testcase.testcasecode.generatedstring(testcasecode.java:63)
at Testcase.testcasecode.generatedstring(testcasecode.java:63)
at Testcase.testcasecode.generatedstring(testcasecode.java:63)
at Testcase.testcasecode.generatedstring(testcasecode.java:63)
at Testcase.testcasecode.generatedstring(testcasecode.java:63)
at Testcase.testcasecode.generatedstring(testcasecode.java:63)
at Testcase.testcasecode.generatedstring(testcasecode.java:63)
at Testcase.testcasecode.generatedstring(testcasecode.java:63)
at Testcase.testcasecode.generatedstring(testcasecode.java:63)
at Testcase.testcasecode.generatedstring(testcasecode.java:63)
at Testcase.testcasecode.generatedstring(testcasecode.java:63)
at Testcase.testcasecode.generatedstring(testcasecode.java:63)
at Testcase.testcasecode.generatedstring(testcasecode.java:63)
at Testcase.testcasecode.generatedstring(testcasecode.java:63)
at Testcase.testcasecode.generatedstring(testcasecode.java:63)
at Testcase.testcasecode.generatedstring(testcasecode.java:63)
at Testcase.testcasecode.generatedstring(testcasecode.java:63)
at Testcase.testcasecode.generatedstring(testcasecode.java:63)
at Testcase.testcasecode.generatedstring(testcasecode.java:63)
at Testcase.testcasecode.generatedstring(testcasecode.java:63)
at Testcase.testcasecode.generatedstring(testcasecode.java:63)
at Testcase.testcasecode.generatedstring(testcasecode.java:63)
at Testcase.testcasecode.generatedstring(testcasecode.java:63)
at Testcase.testcasecode.generatedstring(testcasecode.java:63)
at Testcase.testcasecode.generatedstring(testcasecode.java:63)
at Testcase.testcasecode.generatedstring(testcasecode.java:63)
at Testcase.testcasecode.generatedstring(testcasecode.java:63)
at Testcase.testcasecode.generatedstring(testcasecode.java:63)
at Testcase.testcasecode.generatedstring(testcasecode.java:63)
at Testcase.testcasecode.generatedstring(testcasecode.java:63)
at Testcase.testcasecode.generatedstring(testcasecode.java:63)
at Testcase.testcasecode.generatedstring(testcasecode.java:63)
at Testcase.testcasecode.generatedstring(testcasecode.java:63)
at Testcase.testcasecode.generatedstring(testcasecode.java:63)
at Testcase.testcasecode.generatedstring(testcasecode.java:63)
at Testcase.testcasecode.generatedstring(testcasecode.java:63)
at Testcase.testcasecode.generatedstring(testcasecode.java:63)
at Testcase.testcasecode.generatedstring(testcasecode.java:63)
at Testcase.testcasecode.generatedstring(testcasecode.java:63)
at Testcase.testcasecode.generatedstring(testcasecode.java:63)
at Testcase.testcasecode.generatedstring(testcasecode.java:63)
at Testcase.testcasecode.generatedstring(testcasecode.java:63)
at Testcase.testcasecode.generatedstring(testcasecode.java:63)
at Testcase.testcasecode.generatedstring(testcasecode.java:63)
at Testcase.testcasecode.generatedstring(testcasecode.java:63)
at Testcase.testcasecode.generatedstring(testcasecode.java:63)
at Testcase.testcasecode.generatedstring(testcasecode.java:63)
at Testcase.testcasecode.generatedstring(testcasecode.java:63)
at Testcase.testcasecode.generatedstring(testcasecode.java:63)
at Testcase.testcasecode.generatedstring(testcasecode.java:63)
at Testcase.testcasecode.generatedstring(testcasecode.java:63)
at Testcase.testcasecode.generatedstring(testcasecode.java:63)
at Testcase.testcasecode.generatedstring(testcasecode.java:63)
at Testcase.testcasecode.generatedstring(testcasecode.java:63)
at Testcase.testcasecode.generatedstring(testcasecode.java:63)
at Testcase.testcasecode.generatedstring(testcasecode.java:63)
at Testcase.testcasecode.generatedstring(testcasecode.java:63)
at Testcase.testcasecode.generatedstring(testcasecode.java:63)
at Testcase.testcasecode.generatedstring(testcasecode.java:63)
at Testcase.testcasecode.generatedstring(testcasecode.java:63)
at Testcase.testcasecode.generatedstring(testcasecode.java:63)
at Testcase.testcasecode.generatedstring(testcasecode.java:63)
at Testcase.testcasecode.generatedstring(testcasecode.java:63)
at Testcase.testcasecode.generatedstring(testcasecode.java:63)
at Testcase.testcasecode.generatedstring(testcasecode.java:63)
at Testcase.testcasecode.generatedstring(testcasecode.java:63)
at Testcase.testcasecode.generatedstring(testcasecode.java:63)
at Testcase.testcasecode.generatedstring(testcasecode.java:63)
at Testcase.testcasecode.generatedstring(testcasecode.java:63)
at Testcase.testcasecode.generatedstring(testcasecode.java:63)
at Testcase.testcasecode.generatedstring(testcasecode.java:63)
at Testcase.testcasecode.generatedstring(testcasecode.java:63)
at Testcase.testcasecode.generatedstring(testcasecode.java:63)
at Testcase.testcasecode.generatedstring(testcasecode.java:63)
at Testcase.testcasecode.generatedstring(testcasecode.java:63)
at Testcase.testcasecode.generatedstring(testcasecode.java:63)
at Testcase.testcasecode.generatedstring(testcasecode.java:63)
at Testcase.testcasecode.generatedstring(testcasecode.java:63)
at Testcase.testcasecode.generatedstring(testcasecode.java:63)
at Testcase.testcasecode.generatedstring(testcasecode.java:63)
at Testcase.testcasecode.generatedstring(testcasecode.java:63)
at Testcase.testcasecode.generatedstring(testcasecode.java:63)
at Testcase.testcasecode.generatedstring(testcasecode.java:63)
at Testcase.testcasecode.generatedstring(testcasecode.java:63)
at Testcase.testcasecode.generatedstring(testcasecode.java:63)
at Testcase.testcasecode.generatedstring(testcasecode.java:63)
at Testcase.testcasecode.generatedstring(testcasecode.java:63)
at Testcase.testcasecode.generatedstring(testcasecode.java:63)
at Testcase.testcasecode.generatedstring(testcasecode.java:63)
at Testcase.testcasecode.generatedstring(testcasecode.java:63)
at Testcase.testcasecode.generatedstring(testcasecode.java:63)
at Testcase.testcasecode.generatedstring(testcasecode.java:63)
at Testcase.testcasecode.generatedstring(testcasecode.java:63)
at Testcase.testcasecode.generatedstring(testcasecode.java:63)
at Testcase.testcasecode.generatedstring(testcasecode.java:63)
at Testcase.testcasecode.generatedstring(testcasecode.java:63)
at Testcase.testcasecode.generatedstring(testcasecode.java:63)
at Testcase.testcasecode.generatedstring(testcasecode.java:63)
at Testcase.testcasecode.generatedstring(testcasecode.java:63)
at Testcase.testcasecode.generatedstring(testcasecode.java:63)
]]>
            </full-stacktrace>
          </exception> <!-- java.lang.StackOverflowError -->
          <reporter-output>
          </reporter-output>
        </test-method> <!-- page1 -->
        <test-method is-config="true" signature="teardown()[pri:0, instance:Testcase.testcasecode@62379589]" started-at="2025-02-12T13:27:28 IST" name="teardown" finished-at="2025-02-12T13:27:28 IST" duration-ms="340" status="PASS">
          <reporter-output>
          </reporter-output>
        </test-method> <!-- teardown -->
      </class> <!-- Testcase.testcasecode -->
    </test> <!-- Default test -->
  </suite> <!-- Default suite -->
</testng-results>
